#
# There is insufficient memory for the Java Runtime Environment to continue.
# Native memory allocation (malloc) failed to allocate 1517936 bytes for Chunk::new
# Possible reasons:
#   The system is out of physical RAM or swap space
#   The process is running with CompressedOops enabled, and the Java Heap may be blocking the growth of the native heap
# Possible solutions:
#   Reduce memory load on the system
#   Increase physical memory or swap space
#   Check if swap backing store is full
#   Decrease Java heap size (-Xmx/-Xms)
#   Decrease number of Java threads
#   Decrease Java thread stack sizes (-Xss)
#   Set larger code cache with -XX:ReservedCodeCacheSize=
#   JVM is running with Unscaled Compressed Oops mode in which the Java heap is
#     placed in the first 4GB address space. The Java Heap base address is the
#     maximum limit for the native heap growth. Please use -XX:HeapBaseMinAddress
#     to set the Java Heap base and to place the Java Heap above 4GB virtual address.
# This output file may be truncated or incomplete.
#
#  Out of Memory Error (./src/hotspot/share/memory/arena.cpp:197), pid=3320, tid=10892
#
# JRE version: OpenJDK Runtime Environment (11.0.8+10) (build 11.0.8+10-b944.6842174)
# Java VM: OpenJDK 64-Bit Server VM (11.0.8+10-b944.6842174, mixed mode, tiered, compressed oops, g1 gc, windows-amd64)
# No core dump will be written. Minidumps are not enabled by default on client versions of Windows
#

---------------  S U M M A R Y ------------

Command Line: --add-opens=java.base/java.util=ALL-UNNAMED --add-opens=java.base/java.lang=ALL-UNNAMED --add-opens=java.base/java.lang.invoke=ALL-UNNAMED --add-opens=java.prefs/java.util.prefs=ALL-UNNAMED -Xmx2048m -Dfile.encoding=UTF-8 -Duser.country=US -Duser.language=en -Duser.variant org.gradle.launcher.daemon.bootstrap.GradleDaemon 6.7.1

Host: Intel(R) Core(TM) i5-7200U CPU @ 2.50GHz, 4 cores, 7G,  Windows 10 , 64 bit Build 19041 (10.0.19041.928)
Time: Mon Jun  7 20:16:59 2021 Central Daylight Time elapsed time: 1331 seconds (0d 0h 22m 11s)

---------------  T H R E A D  ---------------

Current thread (0x000001c291d73800):  JavaThread "C2 CompilerThread1" daemon [_thread_in_native, id=10892, stack(0x00000010ca900000,0x00000010caa00000)]


Current CompileTask:
C2:1331426 22536 %     4       com.android.tools.r8.C.a.a.f::a @ 1511 (6058 bytes)

Stack: [0x00000010ca900000,0x00000010caa00000]
Native frames: (J=compiled Java code, j=interpreted, Vv=VM code, C=native code)
V  [jvm.dll+0x5de50a]
V  [jvm.dll+0x7122f5]
V  [jvm.dll+0x71384d]
V  [jvm.dll+0x713f03]
V  [jvm.dll+0x23e728]
V  [jvm.dll+0xb899c]
V  [jvm.dll+0xb8e9c]
V  [jvm.dll+0x35020b]
V  [jvm.dll+0x31dea3]
V  [jvm.dll+0x31d39a]
V  [jvm.dll+0x1f7702]
V  [jvm.dll+0x1f68d4]
V  [jvm.dll+0x17f32c]
V  [jvm.dll+0x205047]
V  [jvm.dll+0x203891]
V  [jvm.dll+0x6dad3f]
V  [jvm.dll+0x6d3895]
V  [jvm.dll+0x5dd4a6]
C  [ucrtbase.dll+0x21bb2]
C  [KERNEL32.DLL+0x17034]
C  [ntdll.dll+0x52651]


---------------  P R O C E S S  ---------------

Threads class SMR info:
_java_thread_list=0x000001c292ef9f40, length=148, elements={
0x000001c2e4d88000, 0x000001c2fef9c000, 0x000001c2fef9d800, 0x000001c2ff942800,
0x000001c2fefb5000, 0x000001c2fefba000, 0x000001c2fefc4000, 0x000001c2fefc8000,
0x000001c2ffa75800, 0x000001c2ffa88000, 0x000001c281d16000, 0x000001c2ffc9b800,
0x000001c281c2c800, 0x000001c2817e6000, 0x000001c2817e3800, 0x000001c2817e0000,
0x000001c283649800, 0x000001c283646000, 0x000001c28386b000, 0x000001c282293800,
0x000001c282295000, 0x000001c282296000, 0x000001c282291000, 0x000001c282294800,
0x000001c282297800, 0x000001c282292000, 0x000001c282298800, 0x000001c282293000,
0x000001c28229b000, 0x000001c28229b800, 0x000001c28229d800, 0x000001c28229f000,
0x000001c28229c800, 0x000001c282299800, 0x000001c28229e000, 0x000001c28229a000,
0x000001c2822a0000, 0x000001c283647000, 0x000001c283643800, 0x000001c28364d800,
0x000001c283648000, 0x000001c28364c800, 0x000001c28364e800, 0x000001c283648800,
0x000001c28364f000, 0x000001c28364c000, 0x000001c283650000, 0x000001c28364a800,
0x000001c283651000, 0x000001c28364b000, 0x000001c283651800, 0x000001c283652800,
0x000001c283863000, 0x000001c283868000, 0x000001c283862800, 0x000001c283869000,
0x000001c283867000, 0x000001c283864800, 0x000001c283869800, 0x000001c283864000,
0x000001c283865800, 0x000001c283866800, 0x000001c283870000, 0x000001c28386e800,
0x000001c28386f800, 0x000001c283871000, 0x000001c2817e2000, 0x000001c2817e1000,
0x000001c2817e5000, 0x000001c2817e2800, 0x000001c2817e7000, 0x000001c2817e4800,
0x000001c281eb2000, 0x000001c281eb3000, 0x000001c281eb3800, 0x000001c281eb4800,
0x000001c281eb1000, 0x000001c281eb6000, 0x000001c281eb0800, 0x000001c281ebb000,
0x000001c281eb5000, 0x000001c281eb7800, 0x000001c281ebb800, 0x000001c281ebc800,
0x000001c281eb7000, 0x000001c281ebd800, 0x000001c281eb8800, 0x000001c281ebf000,
0x000001c281ebe000, 0x000001c281eb9800, 0x000001c281eba000, 0x000001c287688800,
0x000001c287686800, 0x000001c287684800, 0x000001c287689000, 0x000001c287685000,
0x000001c287687800, 0x000001c287686000, 0x000001c28768b800, 0x000001c28768b000,
0x000001c28768f800, 0x000001c28768c800, 0x000001c28768d000, 0x000001c28768e000,
0x000001c28768f000, 0x000001c28768a000, 0x000001c287690800, 0x000001c287691800,
0x000001c287692000, 0x000001c287693000, 0x000001c2873e6800, 0x000001c2873e5000,
0x000001c2873e5800, 0x000001c2873e4000, 0x000001c2873e7800, 0x000001c2873e8000,
0x000001c2873e9000, 0x000001c2873e3800, 0x000001c2873ee000, 0x000001c2873ea000,
0x000001c2873ee800, 0x000001c2873ed000, 0x000001c2873ef800, 0x000001c2873f0800,
0x000001c2873ea800, 0x000001c2873f1000, 0x000001c2873eb800, 0x000001c2873f2000,
0x000001c2873ec000, 0x000001c282636000, 0x000001c282638800, 0x000001c282635000,
0x000001c282636800, 0x000001c28263d000, 0x000001c28263a000, 0x000001c28263c800,
0x000001c282637800, 0x000001c28263b800, 0x000001c28263e000, 0x000001c28263a800,
0x000001c282639000, 0x000001c28263f800, 0x000001c282643800, 0x000001c282640800,
0x000001c282641800, 0x000001c282642000, 0x000001c291d76800, 0x000001c291d73800
}

Java Threads: ( => current thread )
  0x000001c2e4d88000 JavaThread "main" [_thread_blocked, id=22044, stack(0x00000010c0e00000,0x00000010c0f00000)]
  0x000001c2fef9c000 JavaThread "Reference Handler" daemon [_thread_blocked, id=15700, stack(0x00000010c1500000,0x00000010c1600000)]
  0x000001c2fef9d800 JavaThread "Finalizer" daemon [_thread_blocked, id=6896, stack(0x00000010c1600000,0x00000010c1700000)]
  0x000001c2ff942800 JavaThread "Signal Dispatcher" daemon [_thread_blocked, id=9652, stack(0x00000010c1700000,0x00000010c1800000)]
  0x000001c2fefb5000 JavaThread "Attach Listener" daemon [_thread_blocked, id=21460, stack(0x00000010c1800000,0x00000010c1900000)]
  0x000001c2fefba000 JavaThread "C2 CompilerThread0" daemon [_thread_blocked, id=12348, stack(0x00000010c1900000,0x00000010c1a00000)]
  0x000001c2fefc4000 JavaThread "C1 CompilerThread0" daemon [_thread_blocked, id=23672, stack(0x00000010c1a00000,0x00000010c1b00000)]
  0x000001c2fefc8000 JavaThread "Sweeper thread" daemon [_thread_blocked, id=3204, stack(0x00000010c1b00000,0x00000010c1c00000)]
  0x000001c2ffa75800 JavaThread "Common-Cleaner" daemon [_thread_blocked, id=11036, stack(0x00000010c1c00000,0x00000010c1d00000)]
  0x000001c2ffa88000 JavaThread "Service Thread" daemon [_thread_blocked, id=18792, stack(0x00000010c1d00000,0x00000010c1e00000)]
  0x000001c281d16000 JavaThread "Daemon health stats" [_thread_blocked, id=15464, stack(0x00000010c2100000,0x00000010c2200000)]
  0x000001c2ffc9b800 JavaThread "Incoming local TCP Connector on port 49367" [_thread_in_native, id=17784, stack(0x00000010c2300000,0x00000010c2400000)]
  0x000001c281c2c800 JavaThread "Daemon periodic checks" [_thread_blocked, id=6464, stack(0x00000010c2400000,0x00000010c2500000)]
  0x000001c2817e6000 JavaThread "Cache worker for file hash cache (C:\Users\eric8\.gradle\caches\6.7.1\fileHashes)" [_thread_blocked, id=4316, stack(0x00000010c2f00000,0x00000010c3000000)]
  0x000001c2817e3800 JavaThread "File lock request listener" [_thread_in_native, id=13372, stack(0x00000010c3000000,0x00000010c3100000)]
  0x000001c2817e0000 JavaThread "Cache worker for journal cache (C:\Users\eric8\.gradle\caches\journal-1)" [_thread_blocked, id=23992, stack(0x00000010c2700000,0x00000010c2800000)]
  0x000001c283649800 JavaThread "Cache worker for execution history cache (C:\Users\eric8\.gradle\caches\6.7.1\executionHistory)" [_thread_blocked, id=16400, stack(0x00000010c4a00000,0x00000010c4b00000)]
  0x000001c283646000 JavaThread "Cache worker for file content cache (C:\Users\eric8\.gradle\caches\6.7.1\fileContent)" [_thread_blocked, id=5556, stack(0x00000010c4c00000,0x00000010c4d00000)]
  0x000001c28386b000 JavaThread "Memory manager" [_thread_blocked, id=23956, stack(0x00000010c9c00000,0x00000010c9d00000)]
  0x000001c282293800 JavaThread "Daemon Thread 2" [_thread_blocked, id=10872, stack(0x00000010c0b00000,0x00000010c0c00000)]
  0x000001c282295000 JavaThread "Handler for socket connection from /127.0.0.1:49367 to /127.0.0.1:50681" [_thread_in_native, id=8640, stack(0x00000010c0c00000,0x00000010c0d00000)]
  0x000001c282296000 JavaThread "Cancel handler" [_thread_blocked, id=17584, stack(0x00000010c0d00000,0x00000010c0e00000)]
  0x000001c282291000 JavaThread "Daemon worker Thread 2" [_thread_blocked, id=23768, stack(0x00000010c1f00000,0x00000010c2000000)]
  0x000001c282294800 JavaThread "Asynchronous log dispatcher for DefaultDaemonConnection: socket connection from /127.0.0.1:49367 to /127.0.0.1:50681" [_thread_blocked, id=4476, stack(0x00000010c2200000,0x00000010c2300000)]
  0x000001c282297800 JavaThread "Stdin handler" [_thread_blocked, id=1820, stack(0x00000010c2500000,0x00000010c2600000)]
  0x000001c282292000 JavaThread "Thread-130" [_thread_blocked, id=6468, stack(0x00000010c2600000,0x00000010c2700000)]
  0x000001c282298800 JavaThread "Cache worker for file hash cache (C:\Users\eric8\AndroidStudioProjects\hellocoding\.gradle\6.7.1\fileHashes)" [_thread_blocked, id=22792, stack(0x00000010c2800000,0x00000010c2900000)]
  0x000001c282293000 JavaThread "Cache worker for checksums cache (C:\Users\eric8\AndroidStudioProjects\hellocoding\.gradle\checksums)" [_thread_blocked, id=5936, stack(0x00000010c2900000,0x00000010c2a00000)]
  0x000001c28229b000 JavaThread "Cache worker for cache directory md-supplier (C:\Users\eric8\.gradle\caches\6.7.1\md-supplier)" [_thread_blocked, id=15884, stack(0x00000010c2a00000,0x00000010c2b00000)]
  0x000001c28229b800 JavaThread "Cache worker for cache directory md-rule (C:\Users\eric8\.gradle\caches\6.7.1\md-rule)" [_thread_blocked, id=23732, stack(0x00000010c2b00000,0x00000010c2c00000)]
  0x000001c28229d800 JavaThread "Cache worker for Build Output Cleanup Cache (C:\Users\eric8\AndroidStudioProjects\hellocoding\.gradle\buildOutputCleanup)" [_thread_blocked, id=19520, stack(0x00000010c2c00000,0x00000010c2d00000)]
  0x000001c28229f000 JavaThread "Build operations" [_thread_blocked, id=10568, stack(0x00000010c3100000,0x00000010c3200000)]
  0x000001c28229c800 JavaThread "Build operations Thread 2" [_thread_blocked, id=12256, stack(0x00000010c3200000,0x00000010c3300000)]
  0x000001c282299800 JavaThread "Build operations Thread 3" [_thread_blocked, id=18648, stack(0x00000010c3300000,0x00000010c3400000)]
  0x000001c28229e000 JavaThread "Build operations Thread 4" [_thread_blocked, id=9452, stack(0x00000010c3400000,0x00000010c3500000)]
  0x000001c28229a000 JavaThread "jar transforms Thread 98" [_thread_blocked, id=9600, stack(0x00000010c3500000,0x00000010c3600000)]
  0x000001c2822a0000 JavaThread "jar transforms Thread 99" [_thread_blocked, id=2788, stack(0x00000010c3600000,0x00000010c3700000)]
  0x000001c283647000 JavaThread "jar transforms Thread 100" [_thread_blocked, id=18488, stack(0x00000010c3700000,0x00000010c3800000)]
  0x000001c283643800 JavaThread "jar transforms Thread 101" [_thread_blocked, id=12236, stack(0x00000010c3800000,0x00000010c3900000)]
  0x000001c28364d800 JavaThread "jar transforms Thread 102" [_thread_blocked, id=2360, stack(0x00000010c3900000,0x00000010c3a00000)]
  0x000001c283648000 JavaThread "jar transforms Thread 103" [_thread_blocked, id=9972, stack(0x00000010c3a00000,0x00000010c3b00000)]
  0x000001c28364c800 JavaThread "jar transforms Thread 104" [_thread_blocked, id=9496, stack(0x00000010c3b00000,0x00000010c3c00000)]
  0x000001c28364e800 JavaThread "jar transforms Thread 105" [_thread_blocked, id=18288, stack(0x00000010c3c00000,0x00000010c3d00000)]
  0x000001c283648800 JavaThread "jar transforms Thread 106" [_thread_blocked, id=20136, stack(0x00000010c3d00000,0x00000010c3e00000)]
  0x000001c28364f000 JavaThread "jar transforms Thread 107" [_thread_blocked, id=6604, stack(0x00000010c3e00000,0x00000010c3f00000)]
  0x000001c28364c000 JavaThread "jar transforms Thread 108" [_thread_blocked, id=17684, stack(0x00000010c3f00000,0x00000010c4000000)]
  0x000001c283650000 JavaThread "jar transforms Thread 109" [_thread_blocked, id=720, stack(0x00000010c4000000,0x00000010c4100000)]
  0x000001c28364a800 JavaThread "jar transforms Thread 110" [_thread_blocked, id=7336, stack(0x00000010c4100000,0x00000010c4200000)]
  0x000001c283651000 JavaThread "jar transforms Thread 111" [_thread_blocked, id=19736, stack(0x00000010c4200000,0x00000010c4300000)]
  0x000001c28364b000 JavaThread "jar transforms Thread 112" [_thread_blocked, id=17608, stack(0x00000010c4300000,0x00000010c4400000)]
  0x000001c283651800 JavaThread "jar transforms Thread 113" [_thread_blocked, id=7152, stack(0x00000010c4400000,0x00000010c4500000)]
  0x000001c283652800 JavaThread "jar transforms Thread 114" [_thread_blocked, id=3044, stack(0x00000010c4500000,0x00000010c4600000)]
  0x000001c283863000 JavaThread "jar transforms Thread 115" [_thread_blocked, id=16272, stack(0x00000010c4600000,0x00000010c4700000)]
  0x000001c283868000 JavaThread "jar transforms Thread 116" [_thread_blocked, id=21168, stack(0x00000010c4700000,0x00000010c4800000)]
  0x000001c283862800 JavaThread "jar transforms Thread 117" [_thread_blocked, id=22432, stack(0x00000010c4800000,0x00000010c4900000)]
  0x000001c283869000 JavaThread "jar transforms Thread 118" [_thread_blocked, id=6516, stack(0x00000010c4900000,0x00000010c4a00000)]
  0x000001c283867000 JavaThread "jar transforms Thread 119" [_thread_blocked, id=672, stack(0x00000010c4d00000,0x00000010c4e00000)]
  0x000001c283864800 JavaThread "jar transforms Thread 120" [_thread_blocked, id=3548, stack(0x00000010c4e00000,0x00000010c4f00000)]
  0x000001c283869800 JavaThread "jar transforms Thread 121" [_thread_blocked, id=10492, stack(0x00000010c4f00000,0x00000010c5000000)]
  0x000001c283864000 JavaThread "jar transforms Thread 122" [_thread_blocked, id=18024, stack(0x00000010c5000000,0x00000010c5100000)]
  0x000001c283865800 JavaThread "jar transforms Thread 123" [_thread_blocked, id=14904, stack(0x00000010c5100000,0x00000010c5200000)]
  0x000001c283866800 JavaThread "jar transforms Thread 124" [_thread_blocked, id=11720, stack(0x00000010c5200000,0x00000010c5300000)]
  0x000001c283870000 JavaThread "jar transforms Thread 125" [_thread_blocked, id=19320, stack(0x00000010c5300000,0x00000010c5400000)]
  0x000001c28386e800 JavaThread "jar transforms Thread 126" [_thread_blocked, id=15960, stack(0x00000010c5400000,0x00000010c5500000)]
  0x000001c28386f800 JavaThread "jar transforms Thread 127" [_thread_blocked, id=4084, stack(0x00000010c5500000,0x00000010c5600000)]
  0x000001c283871000 JavaThread "jar transforms Thread 128" [_thread_blocked, id=14244, stack(0x00000010c5600000,0x00000010c5700000)]
  0x000001c2817e2000 JavaThread "jar transforms Thread 129" [_thread_blocked, id=10796, stack(0x00000010c5700000,0x00000010c5800000)]
  0x000001c2817e1000 JavaThread "jar transforms Thread 130" [_thread_blocked, id=14740, stack(0x00000010c5800000,0x00000010c5900000)]
  0x000001c2817e5000 JavaThread "jar transforms Thread 131" [_thread_blocked, id=6336, stack(0x00000010c5900000,0x00000010c5a00000)]
  0x000001c2817e2800 JavaThread "jar transforms Thread 132" [_thread_blocked, id=10832, stack(0x00000010c5a00000,0x00000010c5b00000)]
  0x000001c2817e7000 JavaThread "jar transforms Thread 133" [_thread_blocked, id=10984, stack(0x00000010c5b00000,0x00000010c5c00000)]
  0x000001c2817e4800 JavaThread "jar transforms Thread 134" [_thread_blocked, id=120, stack(0x00000010c5c00000,0x00000010c5d00000)]
  0x000001c281eb2000 JavaThread "jar transforms Thread 135" [_thread_blocked, id=9380, stack(0x00000010c5d00000,0x00000010c5e00000)]
  0x000001c281eb3000 JavaThread "jar transforms Thread 136" [_thread_blocked, id=13704, stack(0x00000010c5e00000,0x00000010c5f00000)]
  0x000001c281eb3800 JavaThread "jar transforms Thread 137" [_thread_blocked, id=22756, stack(0x00000010c5f00000,0x00000010c6000000)]
  0x000001c281eb4800 JavaThread "jar transforms Thread 138" [_thread_blocked, id=12396, stack(0x00000010c6000000,0x00000010c6100000)]
  0x000001c281eb1000 JavaThread "jar transforms Thread 139" [_thread_blocked, id=16116, stack(0x00000010c6100000,0x00000010c6200000)]
  0x000001c281eb6000 JavaThread "jar transforms Thread 140" [_thread_blocked, id=10312, stack(0x00000010c6200000,0x00000010c6300000)]
  0x000001c281eb0800 JavaThread "jar transforms Thread 141" [_thread_blocked, id=23068, stack(0x00000010c6300000,0x00000010c6400000)]
  0x000001c281ebb000 JavaThread "jar transforms Thread 142" [_thread_blocked, id=9748, stack(0x00000010c6400000,0x00000010c6500000)]
  0x000001c281eb5000 JavaThread "jar transforms Thread 143" [_thread_blocked, id=16352, stack(0x00000010c6500000,0x00000010c6600000)]
  0x000001c281eb7800 JavaThread "jar transforms Thread 144" [_thread_blocked, id=5708, stack(0x00000010c6600000,0x00000010c6700000)]
  0x000001c281ebb800 JavaThread "jar transforms Thread 145" [_thread_blocked, id=3544, stack(0x00000010c6700000,0x00000010c6800000)]
  0x000001c281ebc800 JavaThread "jar transforms Thread 146" [_thread_blocked, id=13840, stack(0x00000010c6800000,0x00000010c6900000)]
  0x000001c281eb7000 JavaThread "jar transforms Thread 147" [_thread_blocked, id=18820, stack(0x00000010c6900000,0x00000010c6a00000)]
  0x000001c281ebd800 JavaThread "jar transforms Thread 148" [_thread_blocked, id=23200, stack(0x00000010c6a00000,0x00000010c6b00000)]
  0x000001c281eb8800 JavaThread "jar transforms Thread 149" [_thread_blocked, id=21540, stack(0x00000010c6b00000,0x00000010c6c00000)]
  0x000001c281ebf000 JavaThread "jar transforms Thread 150" [_thread_blocked, id=16628, stack(0x00000010c6c00000,0x00000010c6d00000)]
  0x000001c281ebe000 JavaThread "jar transforms Thread 151" [_thread_blocked, id=8492, stack(0x00000010c6d00000,0x00000010c6e00000)]
  0x000001c281eb9800 JavaThread "jar transforms Thread 152" [_thread_blocked, id=21148, stack(0x00000010c6e00000,0x00000010c6f00000)]
  0x000001c281eba000 JavaThread "jar transforms Thread 153" [_thread_blocked, id=19496, stack(0x00000010c6f00000,0x00000010c7000000)]
  0x000001c287688800 JavaThread "jar transforms Thread 154" [_thread_blocked, id=23456, stack(0x00000010c7000000,0x00000010c7100000)]
  0x000001c287686800 JavaThread "jar transforms Thread 155" [_thread_blocked, id=2404, stack(0x00000010c7100000,0x00000010c7200000)]
  0x000001c287684800 JavaThread "jar transforms Thread 156" [_thread_blocked, id=24080, stack(0x00000010c7200000,0x00000010c7300000)]
  0x000001c287689000 JavaThread "jar transforms Thread 157" [_thread_blocked, id=2580, stack(0x00000010c7300000,0x00000010c7400000)]
  0x000001c287685000 JavaThread "jar transforms Thread 158" [_thread_blocked, id=20108, stack(0x00000010c7400000,0x00000010c7500000)]
  0x000001c287687800 JavaThread "jar transforms Thread 159" [_thread_blocked, id=16040, stack(0x00000010c7500000,0x00000010c7600000)]
  0x000001c287686000 JavaThread "jar transforms Thread 160" [_thread_blocked, id=17348, stack(0x00000010c7600000,0x00000010c7700000)]
  0x000001c28768b800 JavaThread "jar transforms Thread 161" [_thread_blocked, id=8532, stack(0x00000010c7700000,0x00000010c7800000)]
  0x000001c28768b000 JavaThread "jar transforms Thread 162" [_thread_blocked, id=12596, stack(0x00000010c7800000,0x00000010c7900000)]
  0x000001c28768f800 JavaThread "jar transforms Thread 163" [_thread_blocked, id=19440, stack(0x00000010c7900000,0x00000010c7a00000)]
  0x000001c28768c800 JavaThread "jar transforms Thread 164" [_thread_blocked, id=12532, stack(0x00000010c7a00000,0x00000010c7b00000)]
  0x000001c28768d000 JavaThread "jar transforms Thread 165" [_thread_blocked, id=16980, stack(0x00000010c7b00000,0x00000010c7c00000)]
  0x000001c28768e000 JavaThread "jar transforms Thread 166" [_thread_blocked, id=18208, stack(0x00000010c7c00000,0x00000010c7d00000)]
  0x000001c28768f000 JavaThread "jar transforms Thread 167" [_thread_blocked, id=24268, stack(0x00000010c7d00000,0x00000010c7e00000)]
  0x000001c28768a000 JavaThread "jar transforms Thread 168" [_thread_blocked, id=21708, stack(0x00000010c7e00000,0x00000010c7f00000)]
  0x000001c287690800 JavaThread "jar transforms Thread 169" [_thread_blocked, id=22208, stack(0x00000010c7f00000,0x00000010c8000000)]
  0x000001c287691800 JavaThread "jar transforms Thread 170" [_thread_blocked, id=22940, stack(0x00000010c8000000,0x00000010c8100000)]
  0x000001c287692000 JavaThread "jar transforms Thread 171" [_thread_blocked, id=10276, stack(0x00000010c8100000,0x00000010c8200000)]
  0x000001c287693000 JavaThread "jar transforms Thread 172" [_thread_blocked, id=868, stack(0x00000010c8200000,0x00000010c8300000)]
  0x000001c2873e6800 JavaThread "jar transforms Thread 173" [_thread_blocked, id=23404, stack(0x00000010c8300000,0x00000010c8400000)]
  0x000001c2873e5000 JavaThread "jar transforms Thread 174" [_thread_blocked, id=8016, stack(0x00000010c8400000,0x00000010c8500000)]
  0x000001c2873e5800 JavaThread "jar transforms Thread 175" [_thread_blocked, id=2164, stack(0x00000010c8500000,0x00000010c8600000)]
  0x000001c2873e4000 JavaThread "jar transforms Thread 176" [_thread_blocked, id=10004, stack(0x00000010c8600000,0x00000010c8700000)]
  0x000001c2873e7800 JavaThread "jar transforms Thread 177" [_thread_blocked, id=16020, stack(0x00000010c8700000,0x00000010c8800000)]
  0x000001c2873e8000 JavaThread "jar transforms Thread 178" [_thread_blocked, id=3208, stack(0x00000010c8800000,0x00000010c8900000)]
  0x000001c2873e9000 JavaThread "jar transforms Thread 179" [_thread_blocked, id=12656, stack(0x00000010c8900000,0x00000010c8a00000)]
  0x000001c2873e3800 JavaThread "jar transforms Thread 180" [_thread_blocked, id=23912, stack(0x00000010c8a00000,0x00000010c8b00000)]
  0x000001c2873ee000 JavaThread "jar transforms Thread 181" [_thread_blocked, id=15400, stack(0x00000010c8b00000,0x00000010c8c00000)]
  0x000001c2873ea000 JavaThread "jar transforms Thread 182" [_thread_blocked, id=24540, stack(0x00000010c8c00000,0x00000010c8d00000)]
  0x000001c2873ee800 JavaThread "jar transforms Thread 183" [_thread_blocked, id=10928, stack(0x00000010c8d00000,0x00000010c8e00000)]
  0x000001c2873ed000 JavaThread "jar transforms Thread 184" [_thread_blocked, id=10816, stack(0x00000010c8e00000,0x00000010c8f00000)]
  0x000001c2873ef800 JavaThread "jar transforms Thread 185" [_thread_blocked, id=8648, stack(0x00000010c8f00000,0x00000010c9000000)]
  0x000001c2873f0800 JavaThread "jar transforms Thread 186" [_thread_blocked, id=21116, stack(0x00000010c9000000,0x00000010c9100000)]
  0x000001c2873ea800 JavaThread "jar transforms Thread 187" [_thread_blocked, id=22640, stack(0x00000010c9100000,0x00000010c9200000)]
  0x000001c2873f1000 JavaThread "jar transforms Thread 188" [_thread_blocked, id=1448, stack(0x00000010c9200000,0x00000010c9300000)]
  0x000001c2873eb800 JavaThread "jar transforms Thread 189" [_thread_blocked, id=20328, stack(0x00000010c9300000,0x00000010c9400000)]
  0x000001c2873f2000 JavaThread "jar transforms Thread 190" [_thread_blocked, id=8736, stack(0x00000010c9400000,0x00000010c9500000)]
  0x000001c2873ec000 JavaThread "jar transforms Thread 191" [_thread_blocked, id=8484, stack(0x00000010c9500000,0x00000010c9600000)]
  0x000001c282636000 JavaThread "jar transforms Thread 192" [_thread_blocked, id=23060, stack(0x00000010c9600000,0x00000010c9700000)]
  0x000001c282638800 JavaThread "jar transforms Thread 193" [_thread_blocked, id=18960, stack(0x00000010c9700000,0x00000010c9800000)]
  0x000001c282635000 JavaThread "jar transforms Thread 194" [_thread_blocked, id=23584, stack(0x00000010c9800000,0x00000010c9900000)]
  0x000001c282636800 JavaThread "build event listener" [_thread_blocked, id=3920, stack(0x00000010c9a00000,0x00000010c9b00000)]
  0x000001c28263d000 JavaThread "build event listener" [_thread_blocked, id=5540, stack(0x00000010c9b00000,0x00000010c9c00000)]
  0x000001c28263a000 JavaThread "Execution worker for ':'" [_thread_blocked, id=20936, stack(0x00000010c9d00000,0x00000010c9e00000)]
  0x000001c28263c800 JavaThread "Execution worker for ':' Thread 2" [_thread_blocked, id=15496, stack(0x00000010c9e00000,0x00000010c9f00000)]
  0x000001c282637800 JavaThread "Execution worker for ':' Thread 3" [_thread_blocked, id=11436, stack(0x00000010c9f00000,0x00000010ca000000)]
  0x000001c28263b800 JavaThread "Cache worker for execution history cache (C:\Users\eric8\AndroidStudioProjects\hellocoding\.gradle\6.7.1\executionHistory)" [_thread_blocked, id=20960, stack(0x00000010ca000000,0x00000010ca100000)]
  0x000001c28263e000 JavaThread "WorkerExecutor Queue" [_thread_blocked, id=10828, stack(0x00000010c9900000,0x00000010c9a00000)]
  0x000001c28263a800 JavaThread "WorkerExecutor Queue Thread 2" [_thread_blocked, id=8612, stack(0x00000010ca100000,0x00000010ca200000)]
  0x000001c282639000 JavaThread "WorkerExecutor Queue Thread 3" [_thread_blocked, id=5580, stack(0x00000010ca300000,0x00000010ca400000)]
  0x000001c28263f800 JavaThread "pool-7-thread-1" [_thread_blocked, id=16968, stack(0x00000010ca500000,0x00000010ca600000)]
  0x000001c282643800 JavaThread "stderr" [_thread_in_native, id=12888, stack(0x00000010ca600000,0x00000010ca700000)]
  0x000001c282640800 JavaThread "stdout" [_thread_in_native, id=9792, stack(0x00000010ca700000,0x00000010ca800000)]
  0x000001c282641800 JavaThread "stderr" [_thread_in_native, id=6816, stack(0x00000010ca400000,0x00000010ca500000)]
  0x000001c282642000 JavaThread "stdout" [_thread_in_native, id=12604, stack(0x00000010ca800000,0x00000010ca900000)]
  0x000001c291d76800 JavaThread "WorkerExecutor Queue Thread 5" [_thread_blocked, id=22192, stack(0x00000010caa00000,0x00000010cab00000)]
=>0x000001c291d73800 JavaThread "C2 CompilerThread1" daemon [_thread_in_native, id=10892, stack(0x00000010ca900000,0x00000010caa00000)]

Other Threads:
  0x000001c2fef97800 VMThread "VM Thread" [stack: 0x00000010c1400000,0x00000010c1500000] [id=4464]
  0x000001c2ffa89800 WatcherThread [stack: 0x00000010c1e00000,0x00000010c1f00000] [id=11364]
  0x000001c2e4da0800 GCTaskThread "GC Thread#0" [stack: 0x00000010c0f00000,0x00000010c1000000] [id=8272]
  0x000001c2ffcd3800 GCTaskThread "GC Thread#1" [stack: 0x00000010c2000000,0x00000010c2100000] [id=13236]
  0x000001c280d65800 GCTaskThread "GC Thread#2" [stack: 0x00000010c2d00000,0x00000010c2e00000] [id=5016]
  0x000001c281cc1800 GCTaskThread "GC Thread#3" [stack: 0x00000010c2e00000,0x00000010c2f00000] [id=13108]
  0x000001c2e4dd5000 ConcurrentGCThread "G1 Main Marker" [stack: 0x00000010c1000000,0x00000010c1100000] [id=10072]
  0x000001c2e4dd7800 ConcurrentGCThread "G1 Conc#0" [stack: 0x00000010c1100000,0x00000010c1200000] [id=1048]
  0x000001c2e4e64000 ConcurrentGCThread "G1 Refine#0" [stack: 0x00000010c1200000,0x00000010c1300000] [id=23336]
  0x000001c281ee7800 ConcurrentGCThread "G1 Refine#1" [stack: 0x00000010c4b00000,0x00000010c4c00000] [id=18068]
  0x000001c2e4e65000 ConcurrentGCThread "G1 Young RemSet Sampling" [stack: 0x00000010c1300000,0x00000010c1400000] [id=7904]

Threads with active compile tasks:
C2 CompilerThread01331517 22706 %     4       com.android.tools.r8.v.b.Z0::a @ 337 (455 bytes)
C2 CompilerThread11331517 22536 %     4       com.android.tools.r8.C.a.a.f::a @ 1511 (6058 bytes)

VM state:not at safepoint (normal execution)

VM Mutex/Monitor currently owned by a thread: None

Heap address: 0x0000000080000000, size: 2048 MB, Compressed Oops mode: 32-bit
Narrow klass base: 0x0000000000000000, Narrow klass shift: 3
Compressed class space size: 1073741824 Address: 0x0000000100000000

Heap:
 garbage-first heap   total 275456K, used 162053K [0x0000000080000000, 0x0000000100000000)
  region size 1024K, 25 young (25600K), 2 survivors (2048K)
 Metaspace       used 131441K, capacity 134672K, committed 134896K, reserved 1179648K
  class space    used 15892K, capacity 17032K, committed 17100K, reserved 1048576K
Heap Regions: E=young(eden), S=young(survivor), O=old, HS=humongous(starts), HC=humongous(continues), CS=collection set, F=free, A=archive, TAMS=top-at-mark-start (previous, next)
|   0|0x0000000080000000, 0x0000000080100000, 0x0000000080100000|100%| O|  |TAMS 0x0000000080100000, 0x0000000080000000| Untracked 
|   1|0x0000000080100000, 0x0000000080200000, 0x0000000080200000|100%| O|  |TAMS 0x0000000080200000, 0x0000000080100000| Untracked 
|   2|0x0000000080200000, 0x0000000080300000, 0x0000000080300000|100%| O|  |TAMS 0x0000000080300000, 0x0000000080200000| Untracked 
|   3|0x0000000080300000, 0x0000000080400000, 0x0000000080400000|100%|HS|  |TAMS 0x0000000080400000, 0x0000000080300000| Complete 
|   4|0x0000000080400000, 0x0000000080500000, 0x0000000080500000|100%|HC|  |TAMS 0x0000000080500000, 0x0000000080400000| Complete 
|   5|0x0000000080500000, 0x0000000080600000, 0x0000000080600000|100%|HC|  |TAMS 0x0000000080600000, 0x0000000080500000| Complete 
|   6|0x0000000080600000, 0x0000000080700000, 0x0000000080700000|100%| O|  |TAMS 0x0000000080700000, 0x0000000080600000| Untracked 
|   7|0x0000000080700000, 0x0000000080800000, 0x0000000080800000|100%| O|  |TAMS 0x0000000080800000, 0x0000000080700000| Untracked 
|   8|0x0000000080800000, 0x0000000080900000, 0x0000000080900000|100%| O|  |TAMS 0x0000000080900000, 0x0000000080800000| Untracked 
|   9|0x0000000080900000, 0x0000000080a00000, 0x0000000080a00000|100%| O|  |TAMS 0x0000000080a00000, 0x0000000080900000| Untracked 
|  10|0x0000000080a00000, 0x0000000080b00000, 0x0000000080b00000|100%| O|  |TAMS 0x0000000080b00000, 0x0000000080a00000| Untracked 
|  11|0x0000000080b00000, 0x0000000080c00000, 0x0000000080c00000|100%| O|  |TAMS 0x0000000080c00000, 0x0000000080b00000| Untracked 
|  12|0x0000000080c00000, 0x0000000080d00000, 0x0000000080d00000|100%| O|  |TAMS 0x0000000080d00000, 0x0000000080c00000| Untracked 
|  13|0x0000000080d00000, 0x0000000080e00000, 0x0000000080e00000|100%|HS|  |TAMS 0x0000000080e00000, 0x0000000080d00000| Complete 
|  14|0x0000000080e00000, 0x0000000080f00000, 0x0000000080f00000|100%|HC|  |TAMS 0x0000000080f00000, 0x0000000080e00000| Complete 
|  15|0x0000000080f00000, 0x0000000081000000, 0x0000000081000000|100%|HS|  |TAMS 0x0000000081000000, 0x0000000080f00000| Complete 
|  16|0x0000000081000000, 0x0000000081100000, 0x0000000081100000|100%|HC|  |TAMS 0x0000000081100000, 0x0000000081000000| Complete 
|  17|0x0000000081100000, 0x0000000081200000, 0x0000000081200000|100%|HC|  |TAMS 0x0000000081200000, 0x0000000081100000| Complete 
|  18|0x0000000081200000, 0x0000000081300000, 0x0000000081300000|100%|HS|  |TAMS 0x0000000081300000, 0x0000000081200000| Complete 
|  19|0x0000000081300000, 0x0000000081400000, 0x0000000081400000|100%|HC|  |TAMS 0x0000000081400000, 0x0000000081300000| Complete 
|  20|0x0000000081400000, 0x0000000081500000, 0x0000000081500000|100%|HC|  |TAMS 0x0000000081500000, 0x0000000081400000| Complete 
|  21|0x0000000081500000, 0x0000000081600000, 0x0000000081600000|100%|HC|  |TAMS 0x0000000081600000, 0x0000000081500000| Complete 
|  22|0x0000000081600000, 0x0000000081700000, 0x0000000081700000|100%| O|  |TAMS 0x0000000081700000, 0x0000000081600000| Untracked 
|  23|0x0000000081700000, 0x0000000081800000, 0x0000000081800000|100%| O|  |TAMS 0x0000000081800000, 0x0000000081700000| Untracked 
|  24|0x0000000081800000, 0x0000000081900000, 0x0000000081900000|100%| O|  |TAMS 0x0000000081900000, 0x0000000081800000| Untracked 
|  25|0x0000000081900000, 0x0000000081a00000, 0x0000000081a00000|100%| O|  |TAMS 0x0000000081a00000, 0x0000000081900000| Untracked 
|  26|0x0000000081a00000, 0x0000000081a00000, 0x0000000081b00000|  0%| F|  |TAMS 0x0000000081a00000, 0x0000000081a00000| Untracked 
|  27|0x0000000081b00000, 0x0000000081c00000, 0x0000000081c00000|100%| O|  |TAMS 0x0000000081c00000, 0x0000000081b00000| Untracked 
|  28|0x0000000081c00000, 0x0000000081d00000, 0x0000000081d00000|100%|HS|  |TAMS 0x0000000081d00000, 0x0000000081c00000| Complete 
|  29|0x0000000081d00000, 0x0000000081e00000, 0x0000000081e00000|100%|HC|  |TAMS 0x0000000081e00000, 0x0000000081d00000| Complete 
|  30|0x0000000081e00000, 0x0000000081f00000, 0x0000000081f00000|100%|HC|  |TAMS 0x0000000081f00000, 0x0000000081e00000| Complete 
|  31|0x0000000081f00000, 0x0000000082000000, 0x0000000082000000|100%|HC|  |TAMS 0x0000000082000000, 0x0000000081f00000| Complete 
|  32|0x0000000082000000, 0x0000000082100000, 0x0000000082100000|100%| O|  |TAMS 0x0000000082100000, 0x0000000082000000| Untracked 
|  33|0x0000000082100000, 0x0000000082200000, 0x0000000082200000|100%| O|  |TAMS 0x0000000082200000, 0x0000000082100000| Untracked 
|  34|0x0000000082200000, 0x0000000082300000, 0x0000000082300000|100%| O|  |TAMS 0x0000000082300000, 0x0000000082200000| Untracked 
|  35|0x0000000082300000, 0x0000000082400000, 0x0000000082400000|100%| O|  |TAMS 0x0000000082400000, 0x0000000082300000| Untracked 
|  36|0x0000000082400000, 0x0000000082500000, 0x0000000082500000|100%| O|  |TAMS 0x0000000082500000, 0x0000000082400000| Untracked 
|  37|0x0000000082500000, 0x0000000082600000, 0x0000000082600000|100%| O|  |TAMS 0x0000000082600000, 0x0000000082500000| Untracked 
|  38|0x0000000082600000, 0x0000000082700000, 0x0000000082700000|100%| O|  |TAMS 0x0000000082700000, 0x0000000082600000| Untracked 
|  39|0x0000000082700000, 0x0000000082800000, 0x0000000082800000|100%| O|  |TAMS 0x0000000082800000, 0x0000000082700000| Untracked 
|  40|0x0000000082800000, 0x0000000082900000, 0x0000000082900000|100%| O|  |TAMS 0x0000000082900000, 0x0000000082800000| Untracked 
|  41|0x0000000082900000, 0x0000000082900000, 0x0000000082a00000|  0%| F|  |TAMS 0x0000000082900000, 0x0000000082900000| Untracked 
|  42|0x0000000082a00000, 0x0000000082a00000, 0x0000000082b00000|  0%| F|  |TAMS 0x0000000082a00000, 0x0000000082a00000| Untracked 
|  43|0x0000000082b00000, 0x0000000082c00000, 0x0000000082c00000|100%| O|  |TAMS 0x0000000082c00000, 0x0000000082b00000| Untracked 
|  44|0x0000000082c00000, 0x0000000082d00000, 0x0000000082d00000|100%| O|  |TAMS 0x0000000082d00000, 0x0000000082c00000| Untracked 
|  45|0x0000000082d00000, 0x0000000082e00000, 0x0000000082e00000|100%| O|  |TAMS 0x0000000082e00000, 0x0000000082d00000| Untracked 
|  46|0x0000000082e00000, 0x0000000082f00000, 0x0000000082f00000|100%| O|  |TAMS 0x0000000082f00000, 0x0000000082e00000| Untracked 
|  47|0x0000000082f00000, 0x0000000083000000, 0x0000000083000000|100%| O|  |TAMS 0x0000000083000000, 0x0000000082f00000| Untracked 
|  48|0x0000000083000000, 0x0000000083100000, 0x0000000083100000|100%| O|  |TAMS 0x0000000083100000, 0x0000000083000000| Untracked 
|  49|0x0000000083100000, 0x0000000083200000, 0x0000000083200000|100%| O|  |TAMS 0x0000000083200000, 0x0000000083100000| Untracked 
|  50|0x0000000083200000, 0x0000000083300000, 0x0000000083300000|100%| O|  |TAMS 0x0000000083300000, 0x0000000083200000| Untracked 
|  51|0x0000000083300000, 0x0000000083300000, 0x0000000083400000|  0%| F|  |TAMS 0x0000000083300000, 0x0000000083300000| Untracked 
|  52|0x0000000083400000, 0x0000000083400000, 0x0000000083500000|  0%| F|  |TAMS 0x0000000083400000, 0x0000000083400000| Untracked 
|  53|0x0000000083500000, 0x0000000083500000, 0x0000000083600000|  0%| F|  |TAMS 0x0000000083500000, 0x0000000083500000| Untracked 
|  54|0x0000000083600000, 0x0000000083700000, 0x0000000083700000|100%| O|  |TAMS 0x0000000083700000, 0x0000000083600000| Untracked 
|  55|0x0000000083700000, 0x0000000083700000, 0x0000000083800000|  0%| F|  |TAMS 0x0000000083700000, 0x0000000083700000| Untracked 
|  56|0x0000000083800000, 0x0000000083800000, 0x0000000083900000|  0%| F|  |TAMS 0x0000000083800000, 0x0000000083800000| Untracked 
|  57|0x0000000083900000, 0x0000000083a00000, 0x0000000083a00000|100%|HS|  |TAMS 0x0000000083a00000, 0x0000000083900000| Complete 
|  58|0x0000000083a00000, 0x0000000083b00000, 0x0000000083b00000|100%|HC|  |TAMS 0x0000000083b00000, 0x0000000083a00000| Complete 
|  59|0x0000000083b00000, 0x0000000083c00000, 0x0000000083c00000|100%|HC|  |TAMS 0x0000000083c00000, 0x0000000083b00000| Complete 
|  60|0x0000000083c00000, 0x0000000083d00000, 0x0000000083d00000|100%| O|  |TAMS 0x0000000083d00000, 0x0000000083c00000| Untracked 
|  61|0x0000000083d00000, 0x0000000083e00000, 0x0000000083e00000|100%| O|  |TAMS 0x0000000083e00000, 0x0000000083d00000| Untracked 
|  62|0x0000000083e00000, 0x0000000083f00000, 0x0000000083f00000|100%| O|  |TAMS 0x0000000083f00000, 0x0000000083e00000| Untracked 
|  63|0x0000000083f00000, 0x0000000084000000, 0x0000000084000000|100%| O|  |TAMS 0x0000000084000000, 0x0000000083f00000| Untracked 
|  64|0x0000000084000000, 0x0000000084100000, 0x0000000084100000|100%| O|  |TAMS 0x0000000084100000, 0x0000000084000000| Untracked 
|  65|0x0000000084100000, 0x0000000084200000, 0x0000000084200000|100%| O|  |TAMS 0x0000000084200000, 0x0000000084100000| Untracked 
|  66|0x0000000084200000, 0x0000000084300000, 0x0000000084300000|100%| O|  |TAMS 0x0000000084300000, 0x0000000084200000| Untracked 
|  67|0x0000000084300000, 0x0000000084300000, 0x0000000084400000|  0%| F|  |TAMS 0x0000000084300000, 0x0000000084300000| Untracked 
|  68|0x0000000084400000, 0x0000000084400000, 0x0000000084500000|  0%| F|  |TAMS 0x0000000084400000, 0x0000000084400000| Untracked 
|  69|0x0000000084500000, 0x0000000084600000, 0x0000000084600000|100%| O|  |TAMS 0x0000000084600000, 0x0000000084500000| Untracked 
|  70|0x0000000084600000, 0x0000000084700000, 0x0000000084700000|100%| O|  |TAMS 0x0000000084700000, 0x0000000084600000| Untracked 
|  71|0x0000000084700000, 0x0000000084800000, 0x0000000084800000|100%| O|  |TAMS 0x0000000084800000, 0x0000000084700000| Untracked 
|  72|0x0000000084800000, 0x0000000084900000, 0x0000000084900000|100%|HS|  |TAMS 0x0000000084900000, 0x0000000084800000| Complete 
|  73|0x0000000084900000, 0x0000000084a00000, 0x0000000084a00000|100%| O|  |TAMS 0x0000000084a00000, 0x0000000084900000| Untracked 
|  74|0x0000000084a00000, 0x0000000084b00000, 0x0000000084b00000|100%| O|  |TAMS 0x0000000084b00000, 0x0000000084a00000| Untracked 
|  75|0x0000000084b00000, 0x0000000084c00000, 0x0000000084c00000|100%| O|  |TAMS 0x0000000084c00000, 0x0000000084b00000| Untracked 
|  76|0x0000000084c00000, 0x0000000084d00000, 0x0000000084d00000|100%| O|  |TAMS 0x0000000084d00000, 0x0000000084c00000| Untracked 
|  77|0x0000000084d00000, 0x0000000084e00000, 0x0000000084e00000|100%| O|  |TAMS 0x0000000084e00000, 0x0000000084d00000| Untracked 
|  78|0x0000000084e00000, 0x0000000084f00000, 0x0000000084f00000|100%| O|  |TAMS 0x0000000084f00000, 0x0000000084e00000| Untracked 
|  79|0x0000000084f00000, 0x0000000085000000, 0x0000000085000000|100%| O|  |TAMS 0x0000000085000000, 0x0000000084f00000| Untracked 
|  80|0x0000000085000000, 0x0000000085100000, 0x0000000085100000|100%| O|  |TAMS 0x0000000085100000, 0x0000000085000000| Untracked 
|  81|0x0000000085100000, 0x0000000085200000, 0x0000000085200000|100%| O|  |TAMS 0x0000000085200000, 0x0000000085100000| Untracked 
|  82|0x0000000085200000, 0x0000000085300000, 0x0000000085300000|100%| O|  |TAMS 0x0000000085300000, 0x0000000085200000| Untracked 
|  83|0x0000000085300000, 0x0000000085400000, 0x0000000085400000|100%| O|  |TAMS 0x0000000085400000, 0x0000000085300000| Untracked 
|  84|0x0000000085400000, 0x0000000085500000, 0x0000000085500000|100%| O|  |TAMS 0x0000000085500000, 0x0000000085400000| Untracked 
|  85|0x0000000085500000, 0x0000000085600000, 0x0000000085600000|100%| O|  |TAMS 0x0000000085600000, 0x0000000085500000| Untracked 
|  86|0x0000000085600000, 0x0000000085700000, 0x0000000085700000|100%| O|  |TAMS 0x0000000085700000, 0x0000000085600000| Untracked 
|  87|0x0000000085700000, 0x0000000085800000, 0x0000000085800000|100%| O|  |TAMS 0x0000000085800000, 0x0000000085700000| Untracked 
|  88|0x0000000085800000, 0x0000000085900000, 0x0000000085900000|100%| O|  |TAMS 0x0000000085900000, 0x0000000085800000| Untracked 
|  89|0x0000000085900000, 0x0000000085a00000, 0x0000000085a00000|100%| O|  |TAMS 0x0000000085a00000, 0x0000000085900000| Untracked 
|  90|0x0000000085a00000, 0x0000000085b00000, 0x0000000085b00000|100%| O|  |TAMS 0x0000000085b00000, 0x0000000085a00000| Untracked 
|  91|0x0000000085b00000, 0x0000000085c00000, 0x0000000085c00000|100%| O|  |TAMS 0x0000000085c00000, 0x0000000085b00000| Untracked 
|  92|0x0000000085c00000, 0x0000000085d00000, 0x0000000085d00000|100%| O|  |TAMS 0x0000000085d00000, 0x0000000085c00000| Untracked 
|  93|0x0000000085d00000, 0x0000000085d00000, 0x0000000085e00000|  0%| F|  |TAMS 0x0000000085d00000, 0x0000000085d00000| Untracked 
|  94|0x0000000085e00000, 0x0000000085e00000, 0x0000000085f00000|  0%| F|  |TAMS 0x0000000085e00000, 0x0000000085e00000| Untracked 
|  95|0x0000000085f00000, 0x0000000086000000, 0x0000000086000000|100%| O|  |TAMS 0x0000000085f00000, 0x0000000085f00000| Untracked 
|  96|0x0000000086000000, 0x0000000086100000, 0x0000000086100000|100%| O|  |TAMS 0x0000000086000000, 0x0000000086000000| Untracked 
|  97|0x0000000086100000, 0x0000000086200000, 0x0000000086200000|100%| O|  |TAMS 0x0000000086100000, 0x0000000086100000| Untracked 
|  98|0x0000000086200000, 0x0000000086300000, 0x0000000086300000|100%| O|  |TAMS 0x0000000086200000, 0x0000000086200000| Untracked 
|  99|0x0000000086300000, 0x0000000086400000, 0x0000000086400000|100%| O|  |TAMS 0x0000000086400000, 0x0000000086300000| Untracked 
| 100|0x0000000086400000, 0x0000000086500000, 0x0000000086500000|100%| O|  |TAMS 0x0000000086500000, 0x0000000086400000| Untracked 
| 101|0x0000000086500000, 0x0000000086600000, 0x0000000086600000|100%| O|  |TAMS 0x0000000086600000, 0x0000000086500000| Untracked 
| 102|0x0000000086600000, 0x0000000086600000, 0x0000000086700000|  0%| F|  |TAMS 0x0000000086600000, 0x0000000086600000| Untracked 
| 103|0x0000000086700000, 0x0000000086700000, 0x0000000086800000|  0%| F|  |TAMS 0x0000000086700000, 0x0000000086700000| Untracked 
| 104|0x0000000086800000, 0x0000000086900000, 0x0000000086900000|100%| O|  |TAMS 0x0000000086900000, 0x0000000086800000| Untracked 
| 105|0x0000000086900000, 0x0000000086a00000, 0x0000000086a00000|100%| O|  |TAMS 0x0000000086a00000, 0x0000000086900000| Untracked 
| 106|0x0000000086a00000, 0x0000000086b00000, 0x0000000086b00000|100%| O|  |TAMS 0x0000000086a00000, 0x0000000086a00000| Untracked 
| 107|0x0000000086b00000, 0x0000000086c00000, 0x0000000086c00000|100%| O|  |TAMS 0x0000000086b00000, 0x0000000086b00000| Untracked 
| 108|0x0000000086c00000, 0x0000000086d00000, 0x0000000086d00000|100%| O|  |TAMS 0x0000000086c00000, 0x0000000086c00000| Untracked 
| 109|0x0000000086d00000, 0x0000000086e00000, 0x0000000086e00000|100%| O|  |TAMS 0x0000000086d00000, 0x0000000086d00000| Untracked 
| 110|0x0000000086e00000, 0x0000000086f00000, 0x0000000086f00000|100%| O|  |TAMS 0x0000000086e00000, 0x0000000086e00000| Untracked 
| 111|0x0000000086f00000, 0x0000000087000000, 0x0000000087000000|100%| O|  |TAMS 0x0000000086f00000, 0x0000000086f00000| Untracked 
| 112|0x0000000087000000, 0x00000000870f9800, 0x0000000087100000| 97%| O|  |TAMS 0x0000000087000000, 0x0000000087000000| Untracked 
| 113|0x0000000087100000, 0x0000000087200000, 0x0000000087200000|100%| O|  |TAMS 0x0000000087200000, 0x0000000087100000| Untracked 
| 114|0x0000000087200000, 0x0000000087300000, 0x0000000087300000|100%|HS|  |TAMS 0x0000000087300000, 0x0000000087200000| Complete 
| 115|0x0000000087300000, 0x0000000087400000, 0x0000000087400000|100%|HC|  |TAMS 0x0000000087400000, 0x0000000087300000| Complete 
| 116|0x0000000087400000, 0x0000000087400000, 0x0000000087500000|  0%| F|  |TAMS 0x0000000087400000, 0x0000000087400000| Untracked 
| 117|0x0000000087500000, 0x0000000087500000, 0x0000000087600000|  0%| F|  |TAMS 0x0000000087500000, 0x0000000087500000| Untracked 
| 118|0x0000000087600000, 0x0000000087700000, 0x0000000087700000|100%| O|  |TAMS 0x0000000087700000, 0x0000000087600000| Untracked 
| 119|0x0000000087700000, 0x0000000087800000, 0x0000000087800000|100%| O|  |TAMS 0x0000000087800000, 0x0000000087700000| Untracked 
| 120|0x0000000087800000, 0x0000000087900000, 0x0000000087900000|100%| O|  |TAMS 0x0000000087900000, 0x0000000087800000| Untracked 
| 121|0x0000000087900000, 0x0000000087a00000, 0x0000000087a00000|100%| O|  |TAMS 0x0000000087a00000, 0x0000000087900000| Untracked 
| 122|0x0000000087a00000, 0x0000000087b00000, 0x0000000087b00000|100%| O|  |TAMS 0x0000000087b00000, 0x0000000087a00000| Untracked 
| 123|0x0000000087b00000, 0x0000000087c00000, 0x0000000087c00000|100%| O|  |TAMS 0x0000000087c00000, 0x0000000087b00000| Untracked 
| 124|0x0000000087c00000, 0x0000000087c00000, 0x0000000087d00000|  0%| F|  |TAMS 0x0000000087c00000, 0x0000000087c00000| Untracked 
| 125|0x0000000087d00000, 0x0000000087d00000, 0x0000000087e00000|  0%| F|  |TAMS 0x0000000087d00000, 0x0000000087d00000| Untracked 
| 126|0x0000000087e00000, 0x0000000087e00000, 0x0000000087f00000|  0%| F|  |TAMS 0x0000000087e00000, 0x0000000087e00000| Untracked 
| 127|0x0000000087f00000, 0x0000000087f00000, 0x0000000088000000|  0%| F|  |TAMS 0x0000000087f00000, 0x0000000087f00000| Untracked 
| 128|0x0000000088000000, 0x0000000088100000, 0x0000000088100000|100%| O|  |TAMS 0x0000000088100000, 0x0000000088000000| Untracked 
| 129|0x0000000088100000, 0x0000000088200000, 0x0000000088200000|100%| O|  |TAMS 0x0000000088200000, 0x0000000088100000| Untracked 
| 130|0x0000000088200000, 0x0000000088300000, 0x0000000088300000|100%| O|  |TAMS 0x0000000088300000, 0x0000000088200000| Untracked 
| 131|0x0000000088300000, 0x0000000088400000, 0x0000000088400000|100%| O|  |TAMS 0x0000000088400000, 0x0000000088300000| Untracked 
| 132|0x0000000088400000, 0x0000000088500000, 0x0000000088500000|100%| O|  |TAMS 0x0000000088500000, 0x0000000088400000| Untracked 
| 133|0x0000000088500000, 0x0000000088600000, 0x0000000088600000|100%| O|  |TAMS 0x0000000088600000, 0x0000000088500000| Untracked 
| 134|0x0000000088600000, 0x0000000088700000, 0x0000000088700000|100%| O|  |TAMS 0x0000000088700000, 0x0000000088600000| Untracked 
| 135|0x0000000088700000, 0x0000000088800000, 0x0000000088800000|100%| O|  |TAMS 0x0000000088800000, 0x0000000088700000| Untracked 
| 136|0x0000000088800000, 0x0000000088900000, 0x0000000088900000|100%| O|  |TAMS 0x0000000088900000, 0x0000000088800000| Untracked 
| 137|0x0000000088900000, 0x0000000088a00000, 0x0000000088a00000|100%| O|  |TAMS 0x0000000088a00000, 0x0000000088900000| Untracked 
| 138|0x0000000088a00000, 0x0000000088b00000, 0x0000000088b00000|100%| O|  |TAMS 0x0000000088b00000, 0x0000000088a00000| Untracked 
| 139|0x0000000088b00000, 0x0000000088b00000, 0x0000000088c00000|  0%| F|  |TAMS 0x0000000088b00000, 0x0000000088b00000| Untracked 
| 140|0x0000000088c00000, 0x0000000088c00000, 0x0000000088d00000|  0%| F|  |TAMS 0x0000000088c00000, 0x0000000088c00000| Untracked 
| 141|0x0000000088d00000, 0x0000000088d00000, 0x0000000088e00000|  0%| F|  |TAMS 0x0000000088d00000, 0x0000000088d00000| Untracked 
| 142|0x0000000088e00000, 0x0000000088e00000, 0x0000000088f00000|  0%| F|  |TAMS 0x0000000088e00000, 0x0000000088e00000| Untracked 
| 143|0x0000000088f00000, 0x0000000088f00000, 0x0000000089000000|  0%| F|  |TAMS 0x0000000088f00000, 0x0000000088f00000| Untracked 
| 144|0x0000000089000000, 0x0000000089000000, 0x0000000089100000|  0%| F|  |TAMS 0x0000000089000000, 0x0000000089000000| Untracked 
| 145|0x0000000089100000, 0x0000000089100000, 0x0000000089200000|  0%| F|  |TAMS 0x0000000089100000, 0x0000000089100000| Untracked 
| 146|0x0000000089200000, 0x0000000089200000, 0x0000000089300000|  0%| F|  |TAMS 0x0000000089200000, 0x0000000089200000| Untracked 
| 147|0x0000000089300000, 0x0000000089400000, 0x0000000089400000|100%| O|  |TAMS 0x0000000089400000, 0x0000000089300000| Untracked 
| 148|0x0000000089400000, 0x0000000089500000, 0x0000000089500000|100%| O|  |TAMS 0x0000000089500000, 0x0000000089400000| Untracked 
| 149|0x0000000089500000, 0x0000000089600000, 0x0000000089600000|100%| O|  |TAMS 0x0000000089600000, 0x0000000089500000| Untracked 
| 150|0x0000000089600000, 0x0000000089700000, 0x0000000089700000|100%| O|  |TAMS 0x0000000089700000, 0x0000000089600000| Untracked 
| 151|0x0000000089700000, 0x0000000089800000, 0x0000000089800000|100%| O|  |TAMS 0x0000000089800000, 0x0000000089700000| Untracked 
| 152|0x0000000089800000, 0x0000000089900000, 0x0000000089900000|100%| O|  |TAMS 0x0000000089900000, 0x0000000089800000| Untracked 
| 153|0x0000000089900000, 0x0000000089a00000, 0x0000000089a00000|100%| O|  |TAMS 0x0000000089a00000, 0x0000000089900000| Untracked 
| 154|0x0000000089a00000, 0x0000000089b00000, 0x0000000089b00000|100%| O|  |TAMS 0x0000000089b00000, 0x0000000089a00000| Untracked 
| 155|0x0000000089b00000, 0x0000000089c00000, 0x0000000089c00000|100%| O|  |TAMS 0x0000000089c00000, 0x0000000089b00000| Untracked 
| 156|0x0000000089c00000, 0x0000000089d00000, 0x0000000089d00000|100%| O|  |TAMS 0x0000000089d00000, 0x0000000089c00000| Untracked 
| 157|0x0000000089d00000, 0x0000000089e00000, 0x0000000089e00000|100%| O|  |TAMS 0x0000000089e00000, 0x0000000089d00000| Untracked 
| 158|0x0000000089e00000, 0x0000000089f00000, 0x0000000089f00000|100%| O|  |TAMS 0x0000000089f00000, 0x0000000089e00000| Untracked 
| 159|0x0000000089f00000, 0x000000008a000000, 0x000000008a000000|100%| O|  |TAMS 0x000000008a000000, 0x0000000089f00000| Untracked 
| 160|0x000000008a000000, 0x000000008a100000, 0x000000008a100000|100%| O|  |TAMS 0x000000008a100000, 0x000000008a000000| Untracked 
| 161|0x000000008a100000, 0x000000008a200000, 0x000000008a200000|100%| O|  |TAMS 0x000000008a200000, 0x000000008a100000| Untracked 
| 162|0x000000008a200000, 0x000000008a300000, 0x000000008a300000|100%| O|  |TAMS 0x000000008a274c00, 0x000000008a200000| Untracked 
| 163|0x000000008a300000, 0x000000008a300000, 0x000000008a400000|  0%| F|  |TAMS 0x000000008a300000, 0x000000008a300000| Untracked 
| 164|0x000000008a400000, 0x000000008a400000, 0x000000008a500000|  0%| F|  |TAMS 0x000000008a400000, 0x000000008a400000| Untracked 
| 165|0x000000008a500000, 0x000000008a500000, 0x000000008a600000|  0%| F|  |TAMS 0x000000008a500000, 0x000000008a500000| Untracked 
| 166|0x000000008a600000, 0x000000008a600000, 0x000000008a700000|  0%| F|  |TAMS 0x000000008a600000, 0x000000008a600000| Untracked 
| 167|0x000000008a700000, 0x000000008a700000, 0x000000008a800000|  0%| F|  |TAMS 0x000000008a700000, 0x000000008a700000| Untracked 
| 168|0x000000008a800000, 0x000000008a800000, 0x000000008a900000|  0%| F|  |TAMS 0x000000008a800000, 0x000000008a800000| Untracked 
| 169|0x000000008a900000, 0x000000008a900000, 0x000000008aa00000|  0%| F|  |TAMS 0x000000008a900000, 0x000000008a900000| Untracked 
| 170|0x000000008aa00000, 0x000000008aa00000, 0x000000008ab00000|  0%| F|  |TAMS 0x000000008aa00000, 0x000000008aa00000| Untracked 
| 171|0x000000008ab00000, 0x000000008ab00000, 0x000000008ac00000|  0%| F|  |TAMS 0x000000008ab00000, 0x000000008ab00000| Untracked 
| 172|0x000000008ac00000, 0x000000008ac00000, 0x000000008ad00000|  0%| F|  |TAMS 0x000000008ac00000, 0x000000008ac00000| Untracked 
| 173|0x000000008ad00000, 0x000000008ad00000, 0x000000008ae00000|  0%| F|  |TAMS 0x000000008ad00000, 0x000000008ad00000| Untracked 
| 174|0x000000008ae00000, 0x000000008ae00000, 0x000000008af00000|  0%| F|  |TAMS 0x000000008ae00000, 0x000000008ae00000| Untracked 
| 175|0x000000008af00000, 0x000000008af00000, 0x000000008b000000|  0%| F|  |TAMS 0x000000008af00000, 0x000000008af00000| Untracked 
| 176|0x000000008b000000, 0x000000008b000000, 0x000000008b100000|  0%| F|  |TAMS 0x000000008b000000, 0x000000008b000000| Untracked 
| 177|0x000000008b100000, 0x000000008b100000, 0x000000008b200000|  0%| F|  |TAMS 0x000000008b100000, 0x000000008b100000| Untracked 
| 178|0x000000008b200000, 0x000000008b200000, 0x000000008b300000|  0%| F|  |TAMS 0x000000008b200000, 0x000000008b200000| Untracked 
| 179|0x000000008b300000, 0x000000008b300000, 0x000000008b400000|  0%| F|  |TAMS 0x000000008b300000, 0x000000008b300000| Untracked 
| 180|0x000000008b400000, 0x000000008b400000, 0x000000008b500000|  0%| F|  |TAMS 0x000000008b400000, 0x000000008b400000| Untracked 
| 181|0x000000008b500000, 0x000000008b500000, 0x000000008b600000|  0%| F|  |TAMS 0x000000008b500000, 0x000000008b500000| Untracked 
| 182|0x000000008b600000, 0x000000008b600000, 0x000000008b700000|  0%| F|  |TAMS 0x000000008b600000, 0x000000008b600000| Untracked 
| 183|0x000000008b700000, 0x000000008b700000, 0x000000008b800000|  0%| F|  |TAMS 0x000000008b700000, 0x000000008b700000| Untracked 
| 184|0x000000008b800000, 0x000000008b800000, 0x000000008b900000|  0%| F|  |TAMS 0x000000008b800000, 0x000000008b800000| Untracked 
| 185|0x000000008b900000, 0x000000008b900000, 0x000000008ba00000|  0%| F|  |TAMS 0x000000008b900000, 0x000000008b900000| Untracked 
| 186|0x000000008ba00000, 0x000000008ba00000, 0x000000008bb00000|  0%| F|  |TAMS 0x000000008ba00000, 0x000000008ba00000| Untracked 
| 187|0x000000008bb00000, 0x000000008bb00000, 0x000000008bc00000|  0%| F|  |TAMS 0x000000008bb00000, 0x000000008bb00000| Untracked 
| 188|0x000000008bc00000, 0x000000008bc00000, 0x000000008bd00000|  0%| F|  |TAMS 0x000000008bc00000, 0x000000008bc00000| Untracked 
| 189|0x000000008bd00000, 0x000000008bd00000, 0x000000008be00000|  0%| F|  |TAMS 0x000000008bd00000, 0x000000008bd00000| Untracked 
| 190|0x000000008be00000, 0x000000008be00000, 0x000000008bf00000|  0%| F|  |TAMS 0x000000008be00000, 0x000000008be00000| Untracked 
| 191|0x000000008bf00000, 0x000000008bf00000, 0x000000008c000000|  0%| F|  |TAMS 0x000000008bf00000, 0x000000008bf00000| Untracked 
| 192|0x000000008c000000, 0x000000008c000000, 0x000000008c100000|  0%| F|  |TAMS 0x000000008c000000, 0x000000008c000000| Untracked 
| 193|0x000000008c100000, 0x000000008c100000, 0x000000008c200000|  0%| F|  |TAMS 0x000000008c100000, 0x000000008c100000| Untracked 
| 194|0x000000008c200000, 0x000000008c200000, 0x000000008c300000|  0%| F|  |TAMS 0x000000008c200000, 0x000000008c200000| Untracked 
| 195|0x000000008c300000, 0x000000008c300000, 0x000000008c400000|  0%| F|  |TAMS 0x000000008c300000, 0x000000008c300000| Untracked 
| 196|0x000000008c400000, 0x000000008c400000, 0x000000008c500000|  0%| F|  |TAMS 0x000000008c400000, 0x000000008c400000| Untracked 
| 197|0x000000008c500000, 0x000000008c500000, 0x000000008c600000|  0%| F|  |TAMS 0x000000008c500000, 0x000000008c500000| Untracked 
| 198|0x000000008c600000, 0x000000008c600000, 0x000000008c700000|  0%| F|  |TAMS 0x000000008c600000, 0x000000008c600000| Untracked 
| 199|0x000000008c700000, 0x000000008c700000, 0x000000008c800000|  0%| F|  |TAMS 0x000000008c700000, 0x000000008c700000| Untracked 
| 200|0x000000008c800000, 0x000000008c800000, 0x000000008c900000|  0%| F|  |TAMS 0x000000008c800000, 0x000000008c800000| Untracked 
| 201|0x000000008c900000, 0x000000008c900000, 0x000000008ca00000|  0%| F|  |TAMS 0x000000008c900000, 0x000000008c900000| Untracked 
| 202|0x000000008ca00000, 0x000000008ca00000, 0x000000008cb00000|  0%| F|  |TAMS 0x000000008ca00000, 0x000000008ca00000| Untracked 
| 203|0x000000008cb00000, 0x000000008cb00000, 0x000000008cc00000|  0%| F|  |TAMS 0x000000008cb00000, 0x000000008cb00000| Untracked 
| 204|0x000000008cc00000, 0x000000008cc00000, 0x000000008cd00000|  0%| F|  |TAMS 0x000000008cc00000, 0x000000008cc00000| Untracked 
| 205|0x000000008cd00000, 0x000000008cd00000, 0x000000008ce00000|  0%| F|  |TAMS 0x000000008cd00000, 0x000000008cd00000| Untracked 
| 206|0x000000008ce00000, 0x000000008ce00000, 0x000000008cf00000|  0%| F|  |TAMS 0x000000008ce00000, 0x000000008ce00000| Untracked 
| 207|0x000000008cf00000, 0x000000008cf00000, 0x000000008d000000|  0%| F|  |TAMS 0x000000008cf00000, 0x000000008cf00000| Untracked 
| 208|0x000000008d000000, 0x000000008d000000, 0x000000008d100000|  0%| F|  |TAMS 0x000000008d000000, 0x000000008d000000| Untracked 
| 209|0x000000008d100000, 0x000000008d100000, 0x000000008d200000|  0%| F|  |TAMS 0x000000008d100000, 0x000000008d100000| Untracked 
| 210|0x000000008d200000, 0x000000008d200000, 0x000000008d300000|  0%| F|  |TAMS 0x000000008d200000, 0x000000008d200000| Untracked 
| 211|0x000000008d300000, 0x000000008d300000, 0x000000008d400000|  0%| F|  |TAMS 0x000000008d300000, 0x000000008d300000| Untracked 
| 212|0x000000008d400000, 0x000000008d400000, 0x000000008d500000|  0%| F|  |TAMS 0x000000008d400000, 0x000000008d400000| Untracked 
| 213|0x000000008d500000, 0x000000008d500000, 0x000000008d600000|  0%| F|  |TAMS 0x000000008d500000, 0x000000008d500000| Untracked 
| 214|0x000000008d600000, 0x000000008d600000, 0x000000008d700000|  0%| F|  |TAMS 0x000000008d600000, 0x000000008d600000| Untracked 
| 215|0x000000008d700000, 0x000000008d700000, 0x000000008d800000|  0%| F|  |TAMS 0x000000008d700000, 0x000000008d700000| Untracked 
| 216|0x000000008d800000, 0x000000008d800000, 0x000000008d900000|  0%| F|  |TAMS 0x000000008d800000, 0x000000008d800000| Untracked 
| 217|0x000000008d900000, 0x000000008d900000, 0x000000008da00000|  0%| F|  |TAMS 0x000000008d900000, 0x000000008d900000| Untracked 
| 218|0x000000008da00000, 0x000000008da00000, 0x000000008db00000|  0%| F|  |TAMS 0x000000008da00000, 0x000000008da00000| Untracked 
| 219|0x000000008db00000, 0x000000008db00000, 0x000000008dc00000|  0%| F|  |TAMS 0x000000008db00000, 0x000000008db00000| Untracked 
| 220|0x000000008dc00000, 0x000000008dc00000, 0x000000008dd00000|  0%| F|  |TAMS 0x000000008dc00000, 0x000000008dc00000| Untracked 
| 221|0x000000008dd00000, 0x000000008dd00000, 0x000000008de00000|  0%| F|  |TAMS 0x000000008dd00000, 0x000000008dd00000| Untracked 
| 222|0x000000008de00000, 0x000000008de00000, 0x000000008df00000|  0%| F|  |TAMS 0x000000008de00000, 0x000000008de00000| Untracked 
| 223|0x000000008df00000, 0x000000008df00000, 0x000000008e000000|  0%| F|  |TAMS 0x000000008df00000, 0x000000008df00000| Untracked 
| 224|0x000000008e000000, 0x000000008e000000, 0x000000008e100000|  0%| F|  |TAMS 0x000000008e000000, 0x000000008e000000| Untracked 
| 225|0x000000008e100000, 0x000000008e100000, 0x000000008e200000|  0%| F|  |TAMS 0x000000008e100000, 0x000000008e100000| Untracked 
| 226|0x000000008e200000, 0x000000008e200000, 0x000000008e300000|  0%| F|  |TAMS 0x000000008e200000, 0x000000008e200000| Untracked 
| 227|0x000000008e300000, 0x000000008e300000, 0x000000008e400000|  0%| F|  |TAMS 0x000000008e300000, 0x000000008e300000| Untracked 
| 228|0x000000008e400000, 0x000000008e400000, 0x000000008e500000|  0%| F|  |TAMS 0x000000008e400000, 0x000000008e400000| Untracked 
| 229|0x000000008e500000, 0x000000008e500000, 0x000000008e600000|  0%| F|  |TAMS 0x000000008e500000, 0x000000008e500000| Untracked 
| 230|0x000000008e600000, 0x000000008e600000, 0x000000008e700000|  0%| F|  |TAMS 0x000000008e600000, 0x000000008e600000| Untracked 
| 231|0x000000008e700000, 0x000000008e700000, 0x000000008e800000|  0%| F|  |TAMS 0x000000008e700000, 0x000000008e700000| Untracked 
| 232|0x000000008e800000, 0x000000008e800000, 0x000000008e900000|  0%| F|  |TAMS 0x000000008e800000, 0x000000008e800000| Untracked 
| 233|0x000000008e900000, 0x000000008e900000, 0x000000008ea00000|  0%| F|  |TAMS 0x000000008e900000, 0x000000008e900000| Untracked 
| 234|0x000000008ea00000, 0x000000008ea00000, 0x000000008eb00000|  0%| F|  |TAMS 0x000000008ea00000, 0x000000008ea00000| Untracked 
| 235|0x000000008eb00000, 0x000000008eb00000, 0x000000008ec00000|  0%| F|  |TAMS 0x000000008eb00000, 0x000000008eb00000| Untracked 
| 236|0x000000008ec00000, 0x000000008ec00000, 0x000000008ed00000|  0%| F|  |TAMS 0x000000008ec00000, 0x000000008ec00000| Untracked 
| 237|0x000000008ed00000, 0x000000008ed00000, 0x000000008ee00000|  0%| F|  |TAMS 0x000000008ed00000, 0x000000008ed00000| Untracked 
| 238|0x000000008ee00000, 0x000000008ee00000, 0x000000008ef00000|  0%| F|  |TAMS 0x000000008ee00000, 0x000000008ee00000| Untracked 
| 239|0x000000008ef00000, 0x000000008ef00000, 0x000000008f000000|  0%| F|  |TAMS 0x000000008ef00000, 0x000000008ef00000| Untracked 
| 240|0x000000008f000000, 0x000000008f000000, 0x000000008f100000|  0%| F|  |TAMS 0x000000008f000000, 0x000000008f000000| Untracked 
| 241|0x000000008f100000, 0x000000008f100000, 0x000000008f200000|  0%| F|  |TAMS 0x000000008f100000, 0x000000008f100000| Untracked 
| 242|0x000000008f200000, 0x000000008f200000, 0x000000008f300000|  0%| F|  |TAMS 0x000000008f200000, 0x000000008f200000| Untracked 
| 243|0x000000008f300000, 0x000000008f35f098, 0x000000008f400000| 37%| E|  |TAMS 0x000000008f300000, 0x000000008f300000| Complete 
| 244|0x000000008f400000, 0x000000008f500000, 0x000000008f500000|100%| E|CS|TAMS 0x000000008f400000, 0x000000008f400000| Complete 
| 245|0x000000008f500000, 0x000000008f600000, 0x000000008f600000|100%| E|CS|TAMS 0x000000008f500000, 0x000000008f500000| Complete 
| 246|0x000000008f600000, 0x000000008f700000, 0x000000008f700000|100%| E|CS|TAMS 0x000000008f600000, 0x000000008f600000| Complete 
| 247|0x000000008f700000, 0x000000008f800000, 0x000000008f800000|100%| E|CS|TAMS 0x000000008f700000, 0x000000008f700000| Complete 
| 248|0x000000008f800000, 0x000000008f900000, 0x000000008f900000|100%| E|CS|TAMS 0x000000008f800000, 0x000000008f800000| Complete 
| 249|0x000000008f900000, 0x000000008fa00000, 0x000000008fa00000|100%| E|CS|TAMS 0x000000008f900000, 0x000000008f900000| Complete 
| 250|0x000000008fa00000, 0x000000008fb00000, 0x000000008fb00000|100%| E|CS|TAMS 0x000000008fa00000, 0x000000008fa00000| Complete 
| 251|0x000000008fb00000, 0x000000008fc00000, 0x000000008fc00000|100%| E|CS|TAMS 0x000000008fb00000, 0x000000008fb00000| Complete 
| 252|0x000000008fc00000, 0x000000008fd00000, 0x000000008fd00000|100%| E|CS|TAMS 0x000000008fc00000, 0x000000008fc00000| Complete 
| 253|0x000000008fd00000, 0x000000008fe00000, 0x000000008fe00000|100%| E|CS|TAMS 0x000000008fd00000, 0x000000008fd00000| Complete 
| 254|0x000000008fe00000, 0x000000008ff00000, 0x000000008ff00000|100%| E|CS|TAMS 0x000000008fe00000, 0x000000008fe00000| Complete 
| 255|0x000000008ff00000, 0x0000000090000000, 0x0000000090000000|100%| E|CS|TAMS 0x000000008ff00000, 0x000000008ff00000| Complete 
| 256|0x0000000090000000, 0x0000000090047ca0, 0x0000000090100000| 28%| S|CS|TAMS 0x0000000090000000, 0x0000000090000000| Complete 
| 257|0x0000000090100000, 0x0000000090200000, 0x0000000090200000|100%| S|CS|TAMS 0x0000000090100000, 0x0000000090100000| Complete 
| 258|0x0000000090200000, 0x0000000090300000, 0x0000000090300000|100%| E|CS|TAMS 0x0000000090200000, 0x0000000090200000| Complete 
| 259|0x0000000090300000, 0x0000000090400000, 0x0000000090400000|100%| E|CS|TAMS 0x0000000090300000, 0x0000000090300000| Complete 
| 260|0x0000000090400000, 0x0000000090500000, 0x0000000090500000|100%| E|CS|TAMS 0x0000000090400000, 0x0000000090400000| Complete 
| 261|0x0000000090500000, 0x0000000090600000, 0x0000000090600000|100%| E|CS|TAMS 0x0000000090500000, 0x0000000090500000| Complete 
| 262|0x0000000090600000, 0x0000000090700000, 0x0000000090700000|100%| E|CS|TAMS 0x0000000090600000, 0x0000000090600000| Complete 
| 263|0x0000000090700000, 0x0000000090800000, 0x0000000090800000|100%| E|CS|TAMS 0x0000000090700000, 0x0000000090700000| Complete 
| 264|0x0000000090800000, 0x0000000090900000, 0x0000000090900000|100%| E|CS|TAMS 0x0000000090800000, 0x0000000090800000| Complete 
| 265|0x0000000090900000, 0x0000000090a00000, 0x0000000090a00000|100%| E|CS|TAMS 0x0000000090900000, 0x0000000090900000| Complete 
| 266|0x0000000090a00000, 0x0000000090b00000, 0x0000000090b00000|100%| E|CS|TAMS 0x0000000090a00000, 0x0000000090a00000| Complete 
| 267|0x0000000090b00000, 0x0000000090c00000, 0x0000000090c00000|100%| E|CS|TAMS 0x0000000090b00000, 0x0000000090b00000| Complete 
| 268|0x0000000090c00000, 0x0000000090d00000, 0x0000000090d00000|100%| E|CS|TAMS 0x0000000090c00000, 0x0000000090c00000| Complete 

Card table byte_map: [0x000001c2f8160000,0x000001c2f8560000] _byte_map_base: 0x000001c2f7d60000

Marking Bits (Prev, Next): (CMBitMap*) 0x000001c2e4dcc340, (CMBitMap*) 0x000001c2e4dcc308
 Prev Bits: [0x000001c2fa960000, 0x000001c2fc960000)
 Next Bits: [0x000001c2f8960000, 0x000001c2fa960000)

Polling page: 0x000001c2e4e70000

Metaspace:

Usage:
  Non-class:    114.88 MB capacity,   112.85 MB ( 98%) used,     1.69 MB (  1%) free+waste,   356.44 KB ( <1%) overhead. 
      Class:     16.63 MB capacity,    15.52 MB ( 93%) used,   982.72 KB (  6%) free+waste,   157.25 KB ( <1%) overhead. 
       Both:    131.52 MB capacity,   128.37 MB ( 98%) used,     2.65 MB (  2%) free+waste,   513.69 KB ( <1%) overhead. 

Virtual space:
  Non-class space:      128.00 MB reserved,     115.04 MB ( 90%) committed 
      Class space:        1.00 GB reserved,      16.70 MB (  2%) committed 
             Both:        1.13 GB reserved,     131.73 MB ( 11%) committed 

Chunk freelists:
   Non-Class:  90.00 KB
       Class:  56.00 KB
        Both:  146.00 KB

MaxMetaspaceSize: 17179869184.00 GB
CompressedClassSpaceSize: 1.00 GB

CodeHeap 'non-profiled nmethods': size=120064Kb used=14707Kb max_used=15381Kb free=105356Kb
 bounds [0x000001c2f01f0000, 0x000001c2f1100000, 0x000001c2f7730000]
CodeHeap 'profiled nmethods': size=120000Kb used=43255Kb max_used=44466Kb free=76744Kb
 bounds [0x000001c2e8cc0000, 0x000001c2eb880000, 0x000001c2f01f0000]
CodeHeap 'non-nmethods': size=5696Kb used=2374Kb max_used=2428Kb free=3322Kb
 bounds [0x000001c2e8730000, 0x000001c2e89a0000, 0x000001c2e8cc0000]
 total_blobs=19732 nmethods=18731 adapters=911
 compilation: enabled
              stopped_count=2, restarted_count=2
 full_count=2

Compilation events (20 events):
Event: 1331.414 Thread 0x000001c2fefc4000 nmethod 22639 0x000001c2e9342a90 code [0x000001c2e9342d80, 0x000001c2e9343878]
Event: 1331.414 Thread 0x000001c2fefc4000 22644       2       java.util.LinkedList$ListItr::add (60 bytes)
Event: 1331.414 Thread 0x000001c2fefc4000 nmethod 22644 0x000001c2e911ff10 code [0x000001c2e91200e0, 0x000001c2e9120348]
Event: 1331.414 Thread 0x000001c2fefc4000 22642       2       com.android.tools.r8.r.o.k::a (33 bytes)
Event: 1331.415 Thread 0x000001c2fefc4000 nmethod 22642 0x000001c2e91aaf90 code [0x000001c2e91ab180, 0x000001c2e91ab4c8]
Event: 1331.415 Thread 0x000001c2fefc4000 22643       2       com.android.tools.r8.ir.conversion.S::a (51 bytes)
Event: 1331.415 Thread 0x000001c2fefc4000 nmethod 22643 0x000001c2e90cd890 code [0x000001c2e90cda60, 0x000001c2e90cdc48]
Event: 1331.415 Thread 0x000001c2fefc4000 22645       2       com.android.tools.r8.v.a.j.e$$Lambda$1257/0x0000000101029c40::apply (12 bytes)
Event: 1331.415 Thread 0x000001c2fefc4000 nmethod 22645 0x000001c2e9126d10 code [0x000001c2e9126ee0, 0x000001c2e9127088]
Event: 1331.415 Thread 0x000001c2fefc4000 22640       2       com.android.tools.r8.r.o.p::d (2 bytes)
Event: 1331.415 Thread 0x000001c2fefc4000 nmethod 22640 0x000001c2e9084610 code [0x000001c2e90847c0, 0x000001c2e90848b8]
Event: 1331.415 Thread 0x000001c2fefc4000 22641       2       com.android.tools.r8.r.o.p::a (6 bytes)
Event: 1331.416 Thread 0x000001c2fefc4000 nmethod 22641 0x000001c2e90dcb90 code [0x000001c2e90dcd40, 0x000001c2e90dce68]
Event: 1331.418 Thread 0x000001c2fefc4000 22646       2       com.android.tools.r8.ir.regalloc.b::f (140 bytes)
Event: 1331.419 Thread 0x000001c2fefc4000 nmethod 22646 0x000001c2e921bd10 code [0x000001c2e921bf00, 0x000001c2e921c1e8]
Event: 1331.419 Thread 0x000001c2fefc4000 22648       2       com.android.tools.r8.ir.regalloc.a$b::<init> (58 bytes)
Event: 1331.419 Thread 0x000001c2fefc4000 nmethod 22648 0x000001c2e917c390 code [0x000001c2e917c540, 0x000001c2e917c738]
Event: 1331.419 Thread 0x000001c2fefc4000 22649       2       com.android.tools.r8.v.b.H::<init> (51 bytes)
Event: 1331.419 Thread 0x000001c2fefc4000 nmethod 22649 0x000001c2e91aaa90 code [0x000001c2e91aac40, 0x000001c2e91aae28]
Event: 1331.419 Thread 0x000001c2fefc4000 22653       2       com.android.tools.r8.ir.conversion.L::a (958 bytes)

GC Heap History (20 events):
Event: 1294.619 GC heap before
{Heap before GC invocations=94 (full 0):
 garbage-first heap   total 275456K, used 228118K [0x0000000080000000, 0x0000000100000000)
  region size 1024K, 107 young (109568K), 5 survivors (5120K)
 Metaspace       used 112051K, capacity 114848K, committed 114928K, reserved 1148928K
  class space    used 13775K, capacity 14758K, committed 14796K, reserved 1048576K
}
Event: 1294.787 GC heap after
{Heap after GC invocations=95 (full 0):
 garbage-first heap   total 275456K, used 130272K [0x0000000080000000, 0x0000000100000000)
  region size 1024K, 10 young (10240K), 10 survivors (10240K)
 Metaspace       used 112051K, capacity 114848K, committed 114928K, reserved 1148928K
  class space    used 13775K, capacity 14758K, committed 14796K, reserved 1048576K
}
Event: 1304.949 GC heap before
{Heap before GC invocations=95 (full 0):
 garbage-first heap   total 275456K, used 232672K [0x0000000080000000, 0x0000000100000000)
  region size 1024K, 108 young (110592K), 10 survivors (10240K)
 Metaspace       used 113855K, capacity 116725K, committed 116976K, reserved 1150976K
  class space    used 13932K, capacity 14954K, committed 15052K, reserved 1048576K
}
Event: 1305.059 GC heap after
{Heap after GC invocations=96 (full 0):
 garbage-first heap   total 275456K, used 142817K [0x0000000080000000, 0x0000000100000000)
  region size 1024K, 14 young (14336K), 14 survivors (14336K)
 Metaspace       used 113855K, capacity 116725K, committed 116976K, reserved 1150976K
  class space    used 13932K, capacity 14954K, committed 15052K, reserved 1048576K
}
Event: 1309.272 GC heap before
{Heap before GC invocations=96 (full 0):
 garbage-first heap   total 275456K, used 233953K [0x0000000080000000, 0x0000000100000000)
  region size 1024K, 96 young (98304K), 14 survivors (14336K)
 Metaspace       used 118170K, capacity 121092K, committed 121328K, reserved 1155072K
  class space    used 14257K, capacity 15289K, committed 15308K, reserved 1048576K
}
Event: 1309.330 GC heap after
{Heap after GC invocations=97 (full 0):
 garbage-first heap   total 275456K, used 145024K [0x0000000080000000, 0x0000000100000000)
  region size 1024K, 3 young (3072K), 3 survivors (3072K)
 Metaspace       used 118170K, capacity 121092K, committed 121328K, reserved 1155072K
  class space    used 14257K, capacity 15289K, committed 15308K, reserved 1048576K
}
Event: 1314.193 GC heap before
{Heap before GC invocations=97 (full 0):
 garbage-first heap   total 275456K, used 227968K [0x0000000080000000, 0x0000000100000000)
  region size 1024K, 86 young (88064K), 3 survivors (3072K)
 Metaspace       used 122608K, capacity 125588K, committed 125808K, reserved 1159168K
  class space    used 14806K, capacity 15883K, committed 15948K, reserved 1048576K
}
Event: 1314.211 GC heap after
{Heap after GC invocations=98 (full 0):
 garbage-first heap   total 275456K, used 147657K [0x0000000080000000, 0x0000000100000000)
  region size 1024K, 6 young (6144K), 6 survivors (6144K)
 Metaspace       used 122608K, capacity 125588K, committed 125808K, reserved 1159168K
  class space    used 14806K, capacity 15883K, committed 15948K, reserved 1048576K
}
Event: 1316.166 GC heap before
{Heap before GC invocations=98 (full 0):
 garbage-first heap   total 275456K, used 229577K [0x0000000080000000, 0x0000000100000000)
  region size 1024K, 87 young (89088K), 6 survivors (6144K)
 Metaspace       used 123313K, capacity 126337K, committed 126704K, reserved 1161216K
  class space    used 14895K, capacity 15951K, committed 16076K, reserved 1048576K
}
Event: 1316.198 GC heap after
{Heap after GC invocations=99 (full 0):
 garbage-first heap   total 275456K, used 150428K [0x0000000080000000, 0x0000000100000000)
  region size 1024K, 8 young (8192K), 8 survivors (8192K)
 Metaspace       used 123313K, capacity 126337K, committed 126704K, reserved 1161216K
  class space    used 14895K, capacity 15951K, committed 16076K, reserved 1048576K
}
Event: 1325.070 GC heap before
{Heap before GC invocations=99 (full 0):
 garbage-first heap   total 275456K, used 233372K [0x0000000080000000, 0x0000000100000000)
  region size 1024K, 88 young (90112K), 8 survivors (8192K)
 Metaspace       used 124873K, capacity 127968K, committed 128112K, reserved 1161216K
  class space    used 15043K, capacity 16133K, committed 16204K, reserved 1048576K
}
Event: 1325.093 GC heap after
{Heap after GC invocations=100 (full 0):
 garbage-first heap   total 275456K, used 151193K [0x0000000080000000, 0x0000000100000000)
  region size 1024K, 5 young (5120K), 5 survivors (5120K)
 Metaspace       used 124873K, capacity 127968K, committed 128112K, reserved 1161216K
  class space    used 15043K, capacity 16133K, committed 16204K, reserved 1048576K
}
Event: 1327.397 GC heap before
{Heap before GC invocations=100 (full 0):
 garbage-first heap   total 275456K, used 232089K [0x0000000080000000, 0x0000000100000000)
  region size 1024K, 85 young (87040K), 5 survivors (5120K)
 Metaspace       used 126602K, capacity 129697K, committed 129904K, reserved 1163264K
  class space    used 15248K, capacity 16338K, committed 16460K, reserved 1048576K
}
Event: 1327.449 GC heap after
{Heap after GC invocations=101 (full 0):
 garbage-first heap   total 275456K, used 169892K [0x0000000080000000, 0x0000000100000000)
  region size 1024K, 11 young (11264K), 11 survivors (11264K)
 Metaspace       used 126602K, capacity 129697K, committed 129904K, reserved 1163264K
  class space    used 15248K, capacity 16338K, committed 16460K, reserved 1048576K
}
Event: 1328.793 GC heap before
{Heap before GC invocations=101 (full 0):
 garbage-first heap   total 275456K, used 224164K [0x0000000080000000, 0x0000000100000000)
  region size 1024K, 66 young (67584K), 11 survivors (11264K)
 Metaspace       used 129619K, capacity 132850K, committed 132976K, reserved 1175552K
  class space    used 15724K, capacity 16865K, committed 16972K, reserved 1048576K
}
Event: 1328.886 GC heap after
{Heap after GC invocations=102 (full 0):
 garbage-first heap   total 275456K, used 175480K [0x0000000080000000, 0x0000000100000000)
  region size 1024K, 9 young (9216K), 9 survivors (9216K)
 Metaspace       used 129619K, capacity 132850K, committed 132976K, reserved 1175552K
  class space    used 15724K, capacity 16865K, committed 16972K, reserved 1048576K
}
Event: 1330.518 GC heap before
{Heap before GC invocations=103 (full 0):
 garbage-first heap   total 275456K, used 199032K [0x0000000080000000, 0x0000000100000000)
  region size 1024K, 50 young (51200K), 9 survivors (9216K)
 Metaspace       used 131003K, capacity 134179K, committed 134384K, reserved 1179648K
  class space    used 15876K, capacity 16998K, committed 17100K, reserved 1048576K
}
Event: 1330.663 GC heap after
{Heap after GC invocations=104 (full 0):
 garbage-first heap   total 275456K, used 159571K [0x0000000080000000, 0x0000000100000000)
  region size 1024K, 2 young (2048K), 2 survivors (2048K)
 Metaspace       used 131003K, capacity 134179K, committed 134384K, reserved 1179648K
  class space    used 15876K, capacity 16998K, committed 17100K, reserved 1048576K
}
Event: 1330.888 GC heap before
{Heap before GC invocations=104 (full 0):
 garbage-first heap   total 275456K, used 169811K [0x0000000080000000, 0x0000000100000000)
  region size 1024K, 13 young (13312K), 2 survivors (2048K)
 Metaspace       used 131273K, capacity 134467K, committed 134640K, reserved 1179648K
  class space    used 15890K, capacity 17030K, committed 17100K, reserved 1048576K
}
Event: 1330.934 GC heap after
{Heap after GC invocations=105 (full 0):
 garbage-first heap   total 275456K, used 139525K [0x0000000080000000, 0x0000000100000000)
  region size 1024K, 2 young (2048K), 2 survivors (2048K)
 Metaspace       used 131273K, capacity 134467K, committed 134640K, reserved 1179648K
  class space    used 15890K, capacity 17030K, committed 17100K, reserved 1048576K
}

Deoptimization events (20 events):
Event: 1330.829 Thread 0x000001c282299800 DEOPT PACKING pc=0x000001c2eb73059f sp=0x00000010c33fa1a0
Event: 1330.829 Thread 0x000001c282299800 DEOPT UNPACKING pc=0x000001c2e87572ce sp=0x00000010c33f9630 mode 0
Event: 1330.865 Thread 0x000001c28229c800 DEOPT PACKING pc=0x000001c2eb73059f sp=0x00000010c32f9e80
Event: 1330.865 Thread 0x000001c28229c800 DEOPT UNPACKING pc=0x000001c2e87572ce sp=0x00000010c32f9310 mode 0
Event: 1330.941 Thread 0x000001c282299800 DEOPT PACKING pc=0x000001c2eb73059f sp=0x00000010c33fa360
Event: 1330.941 Thread 0x000001c282299800 DEOPT UNPACKING pc=0x000001c2e87572ce sp=0x00000010c33f97f0 mode 0
Event: 1330.953 Thread 0x000001c282299800 DEOPT PACKING pc=0x000001c2eb73059f sp=0x00000010c33f9e70
Event: 1330.953 Thread 0x000001c282299800 DEOPT UNPACKING pc=0x000001c2e87572ce sp=0x00000010c33f9300 mode 0
Event: 1330.954 Thread 0x000001c28229c800 DEOPT PACKING pc=0x000001c2eb73059f sp=0x00000010c32f9a10
Event: 1330.954 Thread 0x000001c28229c800 DEOPT UNPACKING pc=0x000001c2e87572ce sp=0x00000010c32f8ea0 mode 0
Event: 1330.976 Thread 0x000001c28229f000 DEOPT PACKING pc=0x000001c2eb73059f sp=0x00000010c31f9ae0
Event: 1330.976 Thread 0x000001c28229f000 DEOPT UNPACKING pc=0x000001c2e87572ce sp=0x00000010c31f8f70 mode 0
Event: 1330.985 Thread 0x000001c282299800 DEOPT PACKING pc=0x000001c2eb73059f sp=0x00000010c33f9d30
Event: 1330.985 Thread 0x000001c282299800 DEOPT UNPACKING pc=0x000001c2e87572ce sp=0x00000010c33f91c0 mode 0
Event: 1331.012 Thread 0x000001c28229c800 DEOPT PACKING pc=0x000001c2eb73059f sp=0x00000010c32f9690
Event: 1331.012 Thread 0x000001c28229c800 DEOPT UNPACKING pc=0x000001c2e87572ce sp=0x00000010c32f8b20 mode 0
Event: 1331.154 Thread 0x000001c282299800 DEOPT PACKING pc=0x000001c2eb73059f sp=0x00000010c33fa3b0
Event: 1331.154 Thread 0x000001c282299800 DEOPT UNPACKING pc=0x000001c2e87572ce sp=0x00000010c33f9840 mode 0
Event: 1331.243 Thread 0x000001c28229c800 DEOPT PACKING pc=0x000001c2eb7b6d7d sp=0x00000010c32f9c70
Event: 1331.243 Thread 0x000001c28229c800 DEOPT UNPACKING pc=0x000001c2e87572ce sp=0x00000010c32f9120 mode 0

Classes redefined (0 events):
No events

Internal exceptions (20 events):
Event: 1324.746 Thread 0x000001c28263a000 Exception <a 'sun/nio/fs/WindowsException'{0x000000008c76bf30}> (0x000000008c76bf30) thrown at [./src/hotspot/share/prims/jni.cpp, line 615]
Event: 1324.746 Thread 0x000001c28263a000 Exception <a 'sun/nio/fs/WindowsException'{0x000000008c76c208}> (0x000000008c76c208) thrown at [./src/hotspot/share/prims/jni.cpp, line 615]
Event: 1324.746 Thread 0x000001c28263a000 Exception <a 'sun/nio/fs/WindowsException'{0x000000008c76cde8}> (0x000000008c76cde8) thrown at [./src/hotspot/share/prims/jni.cpp, line 615]
Event: 1324.770 Thread 0x000001c28263a000 Exception <a 'java/lang/NoSuchMethodError'{0x000000008c64ae88}: <clinit>> (0x000000008c64ae88) thrown at [./src/hotspot/share/prims/jni.cpp, line 1362]
Event: 1324.776 Thread 0x000001c28263a000 Exception <a 'java/lang/NoSuchMethodError'{0x000000008c679408}: <clinit>> (0x000000008c679408) thrown at [./src/hotspot/share/prims/jni.cpp, line 1362]
Event: 1325.232 Thread 0x000001c28229c800 Exception <a 'sun/nio/fs/WindowsException'{0x000000008f76b570}> (0x000000008f76b570) thrown at [./src/hotspot/share/prims/jni.cpp, line 615]
Event: 1325.239 Thread 0x000001c282299800 Exception <a 'sun/nio/fs/WindowsException'{0x000000008fcf3158}> (0x000000008fcf3158) thrown at [./src/hotspot/share/prims/jni.cpp, line 615]
Event: 1325.473 Thread 0x000001c28229f000 Exception <a 'sun/nio/fs/WindowsException'{0x000000008edad930}> (0x000000008edad930) thrown at [./src/hotspot/share/prims/jni.cpp, line 615]
Event: 1325.494 Thread 0x000001c28229f000 Exception <a 'java/lang/NoSuchMethodError'{0x000000008ec06630}: 'long java.lang.invoke.DirectMethodHandle$Holder.invokeStatic(java.lang.Object, long, java.lang.Object)'> (0x000000008ec06630) thrown at [./src/hotspot/share/interpreter/linkResolver.cpp, line 773]
Event: 1325.992 Thread 0x000001c28229c800 Exception <a 'java/lang/IncompatibleClassChangeError'{0x000000008d502f78}: Found class java.lang.Object, but interface was expected> (0x000000008d502f78) thrown at [./src/hotspot/share/interpreter/linkResolver.cpp, line 839]
Event: 1327.873 Thread 0x000001c28229c800 Exception <a 'java/lang/NoSuchMethodError'{0x000000008ea8cfa0}: 'long java.lang.invoke.DirectMethodHandle$Holder.invokeStatic(java.lang.Object, java.lang.Object)'> (0x000000008ea8cfa0) thrown at [./src/hotspot/share/interpreter/linkResolver.cpp, line 773]
Event: 1327.918 Thread 0x000001c28229c800 Exception <a 'java/lang/NoSuchMethodError'{0x000000008eab8f50}: 'void java.lang.invoke.DirectMethodHandle$Holder.invokeSpecial(java.lang.Object, java.lang.Object, int, java.lang.Object)'> (0x000000008eab8f50) thrown at [./src/hotspot/share/interpreter/linkResolver.cpp, line 773]
Event: 1327.982 Thread 0x000001c282299800 Exception <a 'java/lang/NoSuchMethodError'{0x000000008e3fcae8}: 'int java.lang.invoke.DirectMethodHandle$Holder.invokeSpecial(java.lang.Object, java.lang.Object, java.lang.Object, java.lang.Object, java.lang.Object)'> (0x000000008e3fcae8) thrown at [./src/hotspot/share/interpreter/linkResolver.cpp, line 773]
Event: 1328.284 Thread 0x000001c28229f000 Exception <a 'java/lang/NoSuchMethodError'{0x000000008deaed70}: 'java.lang.Object java.lang.invoke.DirectMethodHandle$Holder.invokeVirtual(java.lang.Object, java.lang.Object, int, java.lang.Object)'> (0x000000008deaed70) thrown at [./src/hotspot/share/interpreter/linkResolver.cpp, line 773]
Event: 1328.284 Thread 0x000001c28229c800 Exception <a 'java/lang/NoSuchMethodError'{0x000000008dc65a28}: 'java.lang.Object java.lang.invoke.DirectMethodHandle$Holder.invokeVirtual(java.lang.Object, java.lang.Object, int, java.lang.Object)'> (0x000000008dc65a28) thrown at [./src/hotspot/share/interpreter/linkResolver.cpp, line 773]
Event: 1328.284 Thread 0x000001c282299800 Exception <a 'java/lang/NoSuchMethodError'{0x000000008e10b4e8}: 'java.lang.Object java.lang.invoke.DirectMethodHandle$Holder.invokeVirtual(java.lang.Object, java.lang.Object, int, java.lang.Object)'> (0x000000008e10b4e8) thrown at [./src/hotspot/share/interpreter/linkResolver.cpp, line 773]
Event: 1328.406 Thread 0x000001c28229f000 Exception <a 'java/lang/NoSuchMethodError'{0x000000008db4f1e8}: 'void java.lang.invoke.DirectMethodHandle$Holder.invokeVirtual(java.lang.Object, java.lang.Object, int, java.lang.Object)'> (0x000000008db4f1e8) thrown at [./src/hotspot/share/interpreter/linkResolver.cpp, line 773]
Event: 1328.664 Thread 0x000001c28229f000 Exception <a 'java/lang/NoSuchMethodError'{0x000000008d87bcd0}: 'java.lang.Object java.lang.invoke.DirectMethodHandle$Holder.newInvokeSpecial(java.lang.Object, int)'> (0x000000008d87bcd0) thrown at [./src/hotspot/share/interpreter/linkResolver.cpp, line 773]
Event: 1329.385 Thread 0x000001c28229c800 Exception <a 'java/lang/NoSuchMethodError'{0x000000009080a108}: 'java.lang.Object java.lang.invoke.DirectMethodHandle$Holder.invokeInterface(java.lang.Object, java.lang.Object, int)'> (0x000000009080a108) thrown at [./src/hotspot/share/interpreter/linkResolver.cpp, line 773]
Event: 1330.972 Thread 0x000001c28229c800 Exception <a 'java/lang/NoSuchMethodError'{0x000000009071fc88}: 'int java.lang.invoke.DirectMethodHandle$Holder.invokeInterface(java.lang.Object, java.lang.Object, int)'> (0x000000009071fc88) thrown at [./src/hotspot/share/interpreter/linkResolver.cpp, line 773]

Events (20 events):
Event: 1331.007 Thread 0x000001c2fefc8000 flushing nmethod 0x000001c2eae19590
Event: 1331.007 Thread 0x000001c2fefc8000 flushing nmethod 0x000001c2eae20610
Event: 1331.007 Thread 0x000001c2fefc8000 flushing nmethod 0x000001c2eae20b10
Event: 1331.007 Thread 0x000001c2fefc8000 flushing nmethod 0x000001c2eae21c90
Event: 1331.007 Thread 0x000001c2fefc8000 flushing nmethod 0x000001c2eae22590
Event: 1331.007 Thread 0x000001c2fefc8000 flushing nmethod 0x000001c2eae24010
Event: 1331.007 Thread 0x000001c2fefc8000 flushing nmethod 0x000001c2eae29d10
Event: 1331.007 Thread 0x000001c2fefc8000 flushing nmethod 0x000001c2eae2b690
Event: 1331.007 Thread 0x000001c2fefc8000 flushing nmethod 0x000001c2eae2be10
Event: 1331.007 Thread 0x000001c2fefc8000 flushing nmethod 0x000001c2eae2c210
Event: 1331.007 Thread 0x000001c2fefc8000 flushing nmethod 0x000001c2eae2c790
Event: 1331.007 Thread 0x000001c2fefc8000 flushing nmethod 0x000001c2eae2cf10
Event: 1331.007 Thread 0x000001c2fefc8000 flushing nmethod 0x000001c2eae35110
Event: 1331.007 Thread 0x000001c2fefc8000 flushing nmethod 0x000001c2eae39590
Event: 1331.007 Thread 0x000001c2fefc8000 flushing nmethod 0x000001c2eae39f10
Event: 1331.007 Thread 0x000001c2fefc8000 flushing nmethod 0x000001c2eae45d90
Event: 1331.007 Thread 0x000001c2fefc8000 flushing nmethod 0x000001c2eae4e210
Event: 1331.008 Thread 0x000001c2fefc8000 flushing nmethod 0x000001c2eae97590
Event: 1331.015 Thread 0x000001c291d75800 Thread exited: 0x000001c291d75800
Event: 1331.085 Thread 0x000001c291d73800 Thread added: 0x000001c291d73800


Dynamic libraries:
0x00007ff7a0b70000 - 0x00007ff7a0b7a000 	C:\Program Files\Android\Android Studio\jre\bin\java.exe
0x00007ffb77170000 - 0x00007ffb77365000 	C:\WINDOWS\SYSTEM32\ntdll.dll
0x00007ffb76880000 - 0x00007ffb7693d000 	C:\WINDOWS\System32\KERNEL32.DLL
0x00007ffb74b40000 - 0x00007ffb74e08000 	C:\WINDOWS\System32\KERNELBASE.dll
0x00007ffb74ff0000 - 0x00007ffb750f0000 	C:\WINDOWS\System32\ucrtbase.dll
0x00007ffb666a0000 - 0x00007ffb666b9000 	C:\Program Files\Android\Android Studio\jre\bin\jli.dll
0x00007ffb660e0000 - 0x00007ffb660f7000 	C:\Program Files\Android\Android Studio\jre\bin\VCRUNTIME140.dll
0x00007ffb75e50000 - 0x00007ffb75ff0000 	C:\WINDOWS\System32\USER32.dll
0x00007ffb687b0000 - 0x00007ffb68a4a000 	C:\WINDOWS\WinSxS\amd64_microsoft.windows.common-controls_6595b64144ccf1df_6.0.19041.844_none_ca00b6081b84eb1d\COMCTL32.dll
0x00007ffb74950000 - 0x00007ffb74972000 	C:\WINDOWS\System32\win32u.dll
0x00007ffb75c10000 - 0x00007ffb75cae000 	C:\WINDOWS\System32\msvcrt.dll
0x00007ffb752c0000 - 0x00007ffb752ea000 	C:\WINDOWS\System32\GDI32.dll
0x00007ffb74a30000 - 0x00007ffb74b3b000 	C:\WINDOWS\System32\gdi32full.dll
0x00007ffb748b0000 - 0x00007ffb7494d000 	C:\WINDOWS\System32\msvcp_win.dll
0x00007ffb75be0000 - 0x00007ffb75c10000 	C:\WINDOWS\System32\IMM32.DLL
0x00007ffb46f00000 - 0x00007ffb46f9d000 	C:\Program Files\Android\Android Studio\jre\bin\msvcp140.dll
0x00007ffb40330000 - 0x00007ffb40dec000 	C:\Program Files\Android\Android Studio\jre\bin\server\jvm.dll
0x00007ffb75da0000 - 0x00007ffb75e4c000 	C:\WINDOWS\System32\ADVAPI32.dll
0x00007ffb767e0000 - 0x00007ffb7687b000 	C:\WINDOWS\System32\sechost.dll
0x00007ffb75ab0000 - 0x00007ffb75bdb000 	C:\WINDOWS\System32\RPCRT4.dll
0x00007ffb77120000 - 0x00007ffb77128000 	C:\WINDOWS\System32\PSAPI.DLL
0x00007ffb694e0000 - 0x00007ffb69507000 	C:\WINDOWS\SYSTEM32\WINMM.dll
0x00007ffb6bd90000 - 0x00007ffb6bd9a000 	C:\WINDOWS\SYSTEM32\VERSION.dll
0x00007ffb67480000 - 0x00007ffb67489000 	C:\WINDOWS\SYSTEM32\WSOCK32.dll
0x00007ffb76b90000 - 0x00007ffb76bfb000 	C:\WINDOWS\System32\ws2_32.DLL
0x00007ffb731d0000 - 0x00007ffb731e2000 	C:\WINDOWS\SYSTEM32\kernel.appcore.dll
0x00007ffb6ccc0000 - 0x00007ffb6ccd1000 	C:\Program Files\Android\Android Studio\jre\bin\verify.dll
0x00007ffb72500000 - 0x00007ffb726e4000 	C:\WINDOWS\SYSTEM32\DBGHELP.DLL
0x00007ffb6c380000 - 0x00007ffb6c3ac000 	C:\WINDOWS\SYSTEM32\dbgcore.DLL
0x00007ffb750f0000 - 0x00007ffb75170000 	C:\WINDOWS\System32\bcryptPrimitives.dll
0x00007ffb6a8b0000 - 0x00007ffb6a8d9000 	C:\Program Files\Android\Android Studio\jre\bin\java.dll
0x00007ffb6d1c0000 - 0x00007ffb6d1cb000 	C:\Program Files\Android\Android Studio\jre\bin\jimage.dll
0x00007ffb6c910000 - 0x00007ffb6c928000 	C:\Program Files\Android\Android Studio\jre\bin\zip.dll
0x00007ffb752f0000 - 0x00007ffb75a32000 	C:\WINDOWS\System32\SHELL32.dll
0x00007ffb726f0000 - 0x00007ffb72e80000 	C:\WINDOWS\SYSTEM32\windows.storage.dll
0x00007ffb763a0000 - 0x00007ffb766f5000 	C:\WINDOWS\System32\combase.dll
0x00007ffb742b0000 - 0x00007ffb742dc000 	C:\WINDOWS\SYSTEM32\Wldp.dll
0x00007ffb77070000 - 0x00007ffb7711e000 	C:\WINDOWS\System32\SHCORE.dll
0x00007ffb75230000 - 0x00007ffb75285000 	C:\WINDOWS\System32\shlwapi.dll
0x00007ffb747f0000 - 0x00007ffb7480f000 	C:\WINDOWS\SYSTEM32\profapi.dll
0x00007ffb6c760000 - 0x00007ffb6c77a000 	C:\Program Files\Android\Android Studio\jre\bin\net.dll
0x00007ffb6eaf0000 - 0x00007ffb6ebfb000 	C:\WINDOWS\SYSTEM32\WINHTTP.dll
0x00007ffb74020000 - 0x00007ffb7408a000 	C:\WINDOWS\system32\mswsock.dll
0x00007ffb6bb80000 - 0x00007ffb6bb94000 	C:\Program Files\Android\Android Studio\jre\bin\nio.dll
0x00007ffb63100000 - 0x00007ffb63127000 	C:\Users\eric8\.gradle\native\fdc75f09e3144964f2cf3f50f0aa648679c211496f362492102eb8c894070792\windows-amd64\native-platform.dll
0x00007ffb41530000 - 0x00007ffb416c6000 	C:\Users\eric8\.gradle\native\12488b8bf47d2d4c9fbf2f6322a914ad602e24e48041cd04a747c6da556b65c4\windows-amd64\native-platform-file-events.dll
0x00007ffb6cc10000 - 0x00007ffb6cc1a000 	C:\Program Files\Android\Android Studio\jre\bin\management.dll
0x00007ffb6c8b0000 - 0x00007ffb6c8bc000 	C:\Program Files\Android\Android Studio\jre\bin\management_ext.dll
0x00007ffb741f0000 - 0x00007ffb74208000 	C:\WINDOWS\SYSTEM32\CRYPTSP.dll
0x00007ffb73960000 - 0x00007ffb73994000 	C:\WINDOWS\system32\rsaenh.dll
0x00007ffb74f70000 - 0x00007ffb74f97000 	C:\WINDOWS\System32\bcrypt.dll
0x00007ffb74770000 - 0x00007ffb7479e000 	C:\WINDOWS\SYSTEM32\USERENV.dll
0x00007ffb74210000 - 0x00007ffb7421c000 	C:\WINDOWS\SYSTEM32\CRYPTBASE.dll
0x00007ffb73d10000 - 0x00007ffb73d4b000 	C:\WINDOWS\SYSTEM32\IPHLPAPI.DLL
0x00007ffb75aa0000 - 0x00007ffb75aa8000 	C:\WINDOWS\System32\NSI.dll
0x00007ffb6b2d0000 - 0x00007ffb6b2e7000 	C:\WINDOWS\SYSTEM32\dhcpcsvc6.DLL
0x00007ffb6bb60000 - 0x00007ffb6bb7d000 	C:\WINDOWS\SYSTEM32\dhcpcsvc.DLL
0x00007ffb73d50000 - 0x00007ffb73e1c000 	C:\WINDOWS\SYSTEM32\DNSAPI.dll
0x00007ffb6e890000 - 0x00007ffb6e89b000 	C:\WINDOWS\SYSTEM32\WINNSI.DLL
0x00007ffb61b00000 - 0x00007ffb61b27000 	C:\Program Files\Android\Android Studio\jre\bin\sunec.dll
0x00007ffb6aab0000 - 0x00007ffb6aaba000 	C:\Windows\System32\rasadhlp.dll
0x00007ffb6a1b0000 - 0x00007ffb6a22f000 	C:\WINDOWS\System32\fwpuclnt.dll
0x00007ffb71ec0000 - 0x00007ffb71f50000 	C:\WINDOWS\system32\apphelp.dll

dbghelp: loaded successfully - version: 4.0.5 - missing functions: none
symbol engine: initialized successfully - sym options: 0x614 - pdb path: .;C:\Program Files\Android\Android Studio\jre\bin;C:\WINDOWS\SYSTEM32;C:\WINDOWS\WinSxS\amd64_microsoft.windows.common-controls_6595b64144ccf1df_6.0.19041.844_none_ca00b6081b84eb1d;C:\Program Files\Android\Android Studio\jre\bin\server;C:\Users\eric8\.gradle\native\fdc75f09e3144964f2cf3f50f0aa648679c211496f362492102eb8c894070792\windows-amd64;C:\Users\eric8\.gradle\native\12488b8bf47d2d4c9fbf2f6322a914ad602e24e48041cd04a747c6da556b65c4\windows-amd64

VM Arguments:
jvm_args: --add-opens=java.base/java.util=ALL-UNNAMED --add-opens=java.base/java.lang=ALL-UNNAMED --add-opens=java.base/java.lang.invoke=ALL-UNNAMED --add-opens=java.prefs/java.util.prefs=ALL-UNNAMED -Xmx2048m -Dfile.encoding=UTF-8 -Duser.country=US -Duser.language=en -Duser.variant 
java_command: org.gradle.launcher.daemon.bootstrap.GradleDaemon 6.7.1
java_class_path (initial): C:\Users\eric8\.gradle\wrapper\dists\gradle-6.7.1-bin\bwlcbys1h7rz3272sye1xwiv6\gradle-6.7.1\lib\gradle-launcher-6.7.1.jar
Launcher Type: SUN_STANDARD

[Global flags]
     intx CICompilerCount                          = 3                                         {product} {ergonomic}
     uint ConcGCThreads                            = 1                                         {product} {ergonomic}
     uint G1ConcRefinementThreads                  = 4                                         {product} {ergonomic}
   size_t G1HeapRegionSize                         = 1048576                                   {product} {ergonomic}
    uintx GCDrainStackTargetSize                   = 64                                        {product} {ergonomic}
   size_t InitialHeapSize                          = 130023424                                 {product} {ergonomic}
   size_t MarkStackSize                            = 4194304                                   {product} {ergonomic}
   size_t MaxHeapSize                              = 2147483648                                {product} {command line}
   size_t MaxNewSize                               = 1287651328                                {product} {ergonomic}
   size_t MinHeapDeltaBytes                        = 1048576                                   {product} {ergonomic}
    uintx NonNMethodCodeHeapSize                   = 5830732                                {pd product} {ergonomic}
    uintx NonProfiledCodeHeapSize                  = 122913754                              {pd product} {ergonomic}
    uintx ProfiledCodeHeapSize                     = 122913754                              {pd product} {ergonomic}
    uintx ReservedCodeCacheSize                    = 251658240                              {pd product} {ergonomic}
     bool SegmentedCodeCache                       = true                                      {product} {ergonomic}
     bool UseCompressedClassPointers               = true                                 {lp64_product} {ergonomic}
     bool UseCompressedOops                        = true                                 {lp64_product} {ergonomic}
     bool UseG1GC                                  = true                                      {product} {ergonomic}
     bool UseLargePagesIndividualAllocation        = false                                  {pd product} {ergonomic}

Logging:
Log output configuration:
 #0: stdout all=warning uptime,level,tags
 #1: stderr all=off uptime,level,tags

Environment Variables:
PATH=C:\Program Files (x86)\Google\Chrome\Application;C:\Program Files (x86)\Intel\Intel(R) Management Engine Components\iCLS\;C:\Program Files\Intel\Intel(R) Management Engine Components\iCLS\;C:\WINDOWS\system32;C:\WINDOWS;C:\WINDOWS\System32\Wbem;C:\WINDOWS\System32\WindowsPowerShell\v1.0\;C:\WINDOWS\System32\OpenSSH\;C:\Program Files (x86)\Intel\Intel(R) Management Engine Components\DAL;C:\Program Files\Intel\Intel(R) Management Engine Components\DAL;C:\Program Files (x86)\Intel\Intel(R) Management Engine Components\IPT;C:\Program Files\Intel\Intel(R) Management Engine Components\IPT;C:\Users\eric8\AppData\Local\Microsoft\WindowsApps;
USERNAME=eric8
OS=Windows_NT
PROCESSOR_IDENTIFIER=Intel64 Family 6 Model 142 Stepping 9, GenuineIntel



---------------  S Y S T E M  ---------------

OS: Windows 10 , 64 bit Build 19041 (10.0.19041.928)
OS uptime: 25 days 15:30 hours

CPU:total 4 (initial active 4) (2 cores per cpu, 2 threads per core) family 6 model 142 stepping 9, cmov, cx8, fxsr, mmx, sse, sse2, sse3, ssse3, sse4.1, sse4.2, popcnt, avx, avx2, aes, clmul, erms, 3dnowpref, lzcnt, ht, tsc, tscinvbit, bmi1, bmi2, adx, fma

Memory: 4k page, system-wide physical 7919M (555M free)
TotalPageFile size 23038M (AvailPageFile size 0M)
current process WorkingSet (physical memory assigned to process): 620M, peak: 652M
current process commit charge ("private bytes"): 765M, peak: 912M

vm_info: OpenJDK 64-Bit Server VM (11.0.8+10-b944.6842174) for windows-amd64 JRE (11.0.8+10-b944.6842174), built on Sep 19 2020 01:11:42 by "builder" with MS VC++ 14.0 (VS2015)

END.
